Using pre-set license
Built from '2020.2/staging' branch; Version is '2020.2.7f1 (c53830e277f1) revision 12924976'; Using compiler version '192528614'; Build Type 'Release'
OS: 'Windows 10 Pro; OS build 18363.1440; Version 1909; 64bit' Language: 'es' Physical Memory: 3983 MB
BatchMode: 1, IsHumanControllingUs: 0, StartBugReporterOnCrash: 0, Is64bit: 1, IsPro: 0

 COMMAND LINE ARGUMENTS:
C:\Program Files\Unity\Hub\Editor\2020.2.7f1\Editor\Unity.exe
-adb2
-batchMode
-noUpm
-name
AssetImportWorker67
-projectPath
C:/Users/dell/Documents/VideoJuegos/Juego Prog AVB
-logFile
Logs/AssetImportWorker67.log
-srvPort
56594
Successfully changed project path to: C:/Users/dell/Documents/VideoJuegos/Juego Prog AVB
C:/Users/dell/Documents/VideoJuegos/Juego Prog AVB
Using Asset Import Pipeline V2.
Refreshing native plugins compatible for Editor in 283.67 ms, found 1 plugins.
Preloading 0 native plugins for Editor in 0.00 ms.
Initialize engine version: 2020.2.7f1 (c53830e277f1)
[Subsystems] Discovering subsystems at path C:/Program Files/Unity/Hub/Editor/2020.2.7f1/Editor/Data/Resources/UnitySubsystems
[Subsystems] Discovering subsystems at path C:/Users/dell/Documents/VideoJuegos/Juego Prog AVB/Assets
GfxDevice: creating device client; threaded=0
Direct3D:
    Version:  Direct3D 11.0 [level 11.0]
    Renderer: Intel(R) HD Graphics (ID=0x156)
    Vendor:   
    VRAM:     128 MB
    Driver:   10.18.10.4358
Initialize mono
Mono path[0] = 'C:/Program Files/Unity/Hub/Editor/2020.2.7f1/Editor/Data/Managed'
Mono path[1] = 'C:/Program Files/Unity/Hub/Editor/2020.2.7f1/Editor/Data/MonoBleedingEdge/lib/mono/unityjit'
Mono config path = 'C:/Program Files/Unity/Hub/Editor/2020.2.7f1/Editor/Data/MonoBleedingEdge/etc'
Using monoOptions --debugger-agent=transport=dt_socket,embedding=1,server=y,suspend=n,address=127.0.0.1:56540
Begin MonoManager ReloadAssembly
Registering precompiled unity dll's ...
Register platform support module: C:/Program Files/Unity/Hub/Editor/2020.2.7f1/Editor/Data/PlaybackEngines/WindowsStandaloneSupport/UnityEditor.WindowsStandalone.Extensions.dll
Registered in 0.030351 seconds.
Native extension for WindowsStandalone target not found
Refreshing native plugins compatible for Editor in 237.59 ms, found 1 plugins.
Preloading 0 native plugins for Editor in 0.00 ms.
Invoked RoslynAnalysisRunner static constructor.
RoslynAnalysisRunner will not be running.
RoslynAnalysisRunner has terminated.
Mono: successfully reloaded assembly
- Completed reload, in  8.854 seconds
Platform modules already initialized, skipping
Registering precompiled user dll's ...
Registered in 0.007867 seconds.
Begin MonoManager ReloadAssembly
Native extension for WindowsStandalone target not found
Refreshing native plugins compatible for Editor in 298.73 ms, found 1 plugins.
Preloading 0 native plugins for Editor in 0.00 ms.
Invoked RoslynAnalysisRunner static constructor.
RoslynAnalysisRunner will not be running.
RoslynAnalysisRunner has terminated.
Mono: successfully reloaded assembly
- Completed reload, in  7.747 seconds
Platform modules already initialized, skipping
========================================================================
Worker process is ready to serve import requests
Launched and connected shader compiler UnityShaderCompiler.exe after 1.08 seconds
Refreshing native plugins compatible for Editor in 1.21 ms, found 1 plugins.
Preloading 0 native plugins for Editor in 0.00 ms.
Unloading 1812 Unused Serialized files (Serialized files now loaded: 0)
System memory in use before: 84.9 MB.
System memory in use after: 84.9 MB.

Unloading 24 unused Assets to reduce memory usage. Loaded Objects now: 2257.
Total: 13.997100 ms (FindLiveObjects: 0.737200 ms CreateObjectMapping: 0.543400 ms MarkObjects: 11.890200 ms  DeleteObjects: 0.819300 ms)

========================================================================
Received Import Request.
  path: Assets/Prefab/laser.prefab
  artifactKey: Guid(d530bbed0abc7bd4e9574f61f35a2f90) Importer(815301076,1909f56bfc062723c751e8b465ee728b)
Start importing Assets/Prefab/laser.prefab using Guid(d530bbed0abc7bd4e9574f61f35a2f90) Importer(815301076,1909f56bfc062723c751e8b465ee728b)  -> (artifact id: '5d4a58d9a1d9af0a520721237d049fc9') in 1.142786 seconds
  Import took 1.184724 seconds .

========================================================================
Received Import Request.
  Time since last request: 0.001724 seconds.
  path: Assets/Prefab/Explosion.prefab
  artifactKey: Guid(412f3360dfa0d6c4e9a6a7a80435b871) Importer(815301076,1909f56bfc062723c751e8b465ee728b)
Start importing Assets/Prefab/Explosion.prefab using Guid(412f3360dfa0d6c4e9a6a7a80435b871) Importer(815301076,1909f56bfc062723c751e8b465ee728b)  -> (artifact id: '4e9d07bc958f8438e2ad5dcaa353e154') in 0.146354 seconds
  Import took 0.198805 seconds .

========================================================================
Received Prepare
Refreshing native plugins compatible for Editor in 759.31 ms, found 1 plugins.
Preloading 0 native plugins for Editor in 0.00 ms.
Unloading 10 Unused Serialized files (Serialized files now loaded: 0)
System memory in use before: 52.4 MB.
System memory in use after: 52.4 MB.

Unloading 10 unused Assets to reduce memory usage. Loaded Objects now: 2264.
Total: 20.661800 ms (FindLiveObjects: 0.560400 ms CreateObjectMapping: 0.318200 ms MarkObjects: 19.203700 ms  DeleteObjects: 0.572000 ms)

========================================================================
Received Prepare
Registering precompiled user dll's ...
Registered in 0.008241 seconds.
Begin MonoManager ReloadAssembly
Native extension for WindowsStandalone target not found
Refreshing native plugins compatible for Editor in 8.00 ms, found 1 plugins.
Preloading 0 native plugins for Editor in 0.00 ms.
Invoked RoslynAnalysisRunner static constructor.
RoslynAnalysisRunner will not be running.
RoslynAnalysisRunner has terminated.
Mono: successfully reloaded assembly
- Completed reload, in 171.070 seconds
Platform modules already initialized, skipping
Refreshing native plugins compatible for Editor in 7.44 ms, found 1 plugins.
Preloading 0 native plugins for Editor in 0.00 ms.
Unloading 1807 Unused Serialized files (Serialized files now loaded: 0)
System memory in use before: 88.0 MB.
System memory in use after: 88.0 MB.

Unloading 12 unused Assets to reduce memory usage. Loaded Objects now: 2268.
Total: 24.083300 ms (FindLiveObjects: 2.673700 ms CreateObjectMapping: 2.376400 ms MarkObjects: 18.541000 ms  DeleteObjects: 0.483200 ms)

========================================================================
Received Prepare
Registering precompiled user dll's ...
Registered in 0.080546 seconds.
Begin MonoManager ReloadAssembly
Native extension for WindowsStandalone target not found
Refreshing native plugins compatible for Editor in 2.54 ms, found 1 plugins.
Preloading 0 native plugins for Editor in 0.00 ms.
Invoked RoslynAnalysisRunner static constructor.
RoslynAnalysisRunner will not be running.
RoslynAnalysisRunner has terminated.
Mono: successfully reloaded assembly
- Completed reload, in 11.236 seconds
Platform modules already initialized, skipping
Refreshing native plugins compatible for Editor in 3.87 ms, found 1 plugins.
Preloading 0 native plugins for Editor in 0.00 ms.
Unloading 1807 Unused Serialized files (Serialized files now loaded: 0)
System memory in use before: 88.0 MB.
System memory in use after: 88.0 MB.

Unloading 12 unused Assets to reduce memory usage. Loaded Objects now: 2272.
Total: 8.467700 ms (FindLiveObjects: 0.632100 ms CreateObjectMapping: 0.370900 ms MarkObjects: 6.978800 ms  DeleteObjects: 0.470100 ms)

========================================================================
Received Import Request.
  Time since last request: 2933.231322 seconds.
  path: Assets/Explosion.controller
  artifactKey: Guid(95784cbc6bc270048a3ed475957e715f) Importer(815301076,1909f56bfc062723c751e8b465ee728b)
Start importing Assets/Explosion.controller using Guid(95784cbc6bc270048a3ed475957e715f) Importer(815301076,1909f56bfc062723c751e8b465ee728b)  -> (artifact id: 'd881b2574f8427951eab1fdf77c437d8') in 0.377210 seconds
  Import took 0.465019 seconds .

========================================================================
Received Import Request.
  Time since last request: 1.605026 seconds.
  path: Assets/Explosion Animation.anim
  artifactKey: Guid(b21439784d953f845ad9c7f2b5e91c16) Importer(815301076,1909f56bfc062723c751e8b465ee728b)
Start importing Assets/Explosion Animation.anim using Guid(b21439784d953f845ad9c7f2b5e91c16) Importer(815301076,1909f56bfc062723c751e8b465ee728b)  -> (artifact id: '20593a8388b8ad3e409e9295769b9975') in 0.072623 seconds
  Import took 0.128631 seconds .

========================================================================
Received Import Request.
  Time since last request: 0.002017 seconds.
  path: Assets/Explosion Animation.anim
  artifactKey: Guid(b21439784d953f845ad9c7f2b5e91c16) Importer(815301076,1909f56bfc062723c751e8b465ee728b)
Start importing Assets/Explosion Animation.anim using Guid(b21439784d953f845ad9c7f2b5e91c16) Importer(815301076,1909f56bfc062723c751e8b465ee728b)  -> (artifact id: '20593a8388b8ad3e409e9295769b9975') in 0.081434 seconds
  Import took 0.131078 seconds .

========================================================================
Received Prepare
Registering precompiled user dll's ...
Registered in 0.008706 seconds.
Begin MonoManager ReloadAssembly
Native extension for WindowsStandalone target not found
Refreshing native plugins compatible for Editor in 1.80 ms, found 1 plugins.
Preloading 0 native plugins for Editor in 0.00 ms.
Invoked RoslynAnalysisRunner static constructor.
RoslynAnalysisRunner will not be running.
RoslynAnalysisRunner has terminated.
Mono: successfully reloaded assembly
- Completed reload, in  8.021 seconds
Platform modules already initialized, skipping
Refreshing native plugins compatible for Editor in 4.67 ms, found 1 plugins.
Preloading 0 native plugins for Editor in 0.00 ms.
Unloading 1807 Unused Serialized files (Serialized files now loaded: 0)
System memory in use before: 88.1 MB.
System memory in use after: 88.1 MB.

Unloading 12 unused Assets to reduce memory usage. Loaded Objects now: 2276.
Total: 11.750800 ms (FindLiveObjects: 0.573800 ms CreateObjectMapping: 3.448200 ms MarkObjects: 7.179700 ms  DeleteObjects: 0.542000 ms)

========================================================================
Received Prepare
Registering precompiled user dll's ...
Registered in 0.010597 seconds.
Begin MonoManager ReloadAssembly
Native extension for WindowsStandalone target not found
Refreshing native plugins compatible for Editor in 2.48 ms, found 1 plugins.
Preloading 0 native plugins for Editor in 0.00 ms.
Invoked RoslynAnalysisRunner static constructor.
RoslynAnalysisRunner will not be running.
RoslynAnalysisRunner has terminated.
Mono: successfully reloaded assembly
- Completed reload, in 31.192 seconds
Platform modules already initialized, skipping
Refreshing native plugins compatible for Editor in 1.26 ms, found 1 plugins.
Preloading 0 native plugins for Editor in 0.00 ms.
Unloading 1807 Unused Serialized files (Serialized files now loaded: 0)
System memory in use before: 88.1 MB.
System memory in use after: 88.1 MB.

Unloading 12 unused Assets to reduce memory usage. Loaded Objects now: 2280.
Total: 16.641900 ms (FindLiveObjects: 0.729200 ms CreateObjectMapping: 2.714200 ms MarkObjects: 12.523900 ms  DeleteObjects: 0.666900 ms)

========================================================================
Received Prepare
Registering precompiled user dll's ...
Registered in 0.007760 seconds.
Begin MonoManager ReloadAssembly
Native extension for WindowsStandalone target not found
Refreshing native plugins compatible for Editor in 1.26 ms, found 1 plugins.
Preloading 0 native plugins for Editor in 0.00 ms.
Invoked RoslynAnalysisRunner static constructor.
RoslynAnalysisRunner will not be running.
RoslynAnalysisRunner has terminated.
Mono: successfully reloaded assembly
- Completed reload, in 19.802 seconds
Platform modules already initialized, skipping
Refreshing native plugins compatible for Editor in 1.48 ms, found 1 plugins.
Preloading 0 native plugins for Editor in 0.00 ms.
Unloading 1807 Unused Serialized files (Serialized files now loaded: 0)
System memory in use before: 88.1 MB.
System memory in use after: 88.1 MB.

Unloading 12 unused Assets to reduce memory usage. Loaded Objects now: 2284.
Total: 9.380800 ms (FindLiveObjects: 0.553500 ms CreateObjectMapping: 0.322000 ms MarkObjects: 8.038800 ms  DeleteObjects: 0.458900 ms)

========================================================================
Received Prepare
Registering precompiled user dll's ...
Registered in 0.279834 seconds.
Begin MonoManager ReloadAssembly
Native extension for WindowsStandalone target not found
Refreshing native plugins compatible for Editor in 1.70 ms, found 1 plugins.
Preloading 0 native plugins for Editor in 0.00 ms.
Invoked RoslynAnalysisRunner static constructor.
RoslynAnalysisRunner will not be running.
RoslynAnalysisRunner has terminated.
Mono: successfully reloaded assembly
- Completed reload, in 10.769 seconds
Platform modules already initialized, skipping
Refreshing native plugins compatible for Editor in 1.26 ms, found 1 plugins.
Preloading 0 native plugins for Editor in 0.00 ms.
Unloading 1807 Unused Serialized files (Serialized files now loaded: 0)
System memory in use before: 88.1 MB.
System memory in use after: 88.1 MB.

Unloading 12 unused Assets to reduce memory usage. Loaded Objects now: 2288.
Total: 14.765100 ms (FindLiveObjects: 2.580100 ms CreateObjectMapping: 0.445000 ms MarkObjects: 11.271500 ms  DeleteObjects: 0.461700 ms)

========================================================================
Received Import Request.
  Time since last request: 995.018722 seconds.
  path: Assets/Globos/Explocion_83.prefab
  artifactKey: Guid(36b938ea5caf0364783c26e0efcccaea) Importer(815301076,1909f56bfc062723c751e8b465ee728b)
Start importing Assets/Globos/Explocion_83.prefab using Guid(36b938ea5caf0364783c26e0efcccaea) Importer(815301076,1909f56bfc062723c751e8b465ee728b)  -> (artifact id: '82fe15d2e222eeeb11496b1d730f32cb') in 0.793107 seconds
  Import took 0.871568 seconds .

========================================================================
Received Prepare
Registering precompiled user dll's ...
Registered in 0.010802 seconds.
Begin MonoManager ReloadAssembly
Native extension for WindowsStandalone target not found
Refreshing native plugins compatible for Editor in 1.55 ms, found 1 plugins.
Preloading 0 native plugins for Editor in 0.00 ms.
Invoked RoslynAnalysisRunner static constructor.
RoslynAnalysisRunner will not be running.
RoslynAnalysisRunner has terminated.
Mono: successfully reloaded assembly
- Completed reload, in 10.353 seconds
Platform modules already initialized, skipping
Refreshing native plugins compatible for Editor in 1.62 ms, found 1 plugins.
Preloading 0 native plugins for Editor in 0.00 ms.
Unloading 1807 Unused Serialized files (Serialized files now loaded: 0)
System memory in use before: 88.1 MB.
System memory in use after: 88.1 MB.

Unloading 12 unused Assets to reduce memory usage. Loaded Objects now: 2293.
Total: 11.391100 ms (FindLiveObjects: 0.597200 ms CreateObjectMapping: 0.360100 ms MarkObjects: 9.861100 ms  DeleteObjects: 0.564900 ms)

========================================================================
Received Prepare
Registering precompiled user dll's ...
Registered in 0.008535 seconds.
Begin MonoManager ReloadAssembly
Native extension for WindowsStandalone target not found
Refreshing native plugins compatible for Editor in 1.27 ms, found 1 plugins.
Preloading 0 native plugins for Editor in 0.00 ms.
Invoked RoslynAnalysisRunner static constructor.
RoslynAnalysisRunner will not be running.
RoslynAnalysisRunner has terminated.
Mono: successfully reloaded assembly
- Completed reload, in  9.076 seconds
Platform modules already initialized, skipping
Refreshing native plugins compatible for Editor in 1.46 ms, found 1 plugins.
Preloading 0 native plugins for Editor in 0.00 ms.
Unloading 1807 Unused Serialized files (Serialized files now loaded: 0)
System memory in use before: 88.1 MB.
System memory in use after: 88.1 MB.

Unloading 12 unused Assets to reduce memory usage. Loaded Objects now: 2297.
Total: 11.978600 ms (FindLiveObjects: 1.825000 ms CreateObjectMapping: 0.375500 ms MarkObjects: 9.316900 ms  DeleteObjects: 0.453100 ms)

========================================================================
Received Import Request.
  Time since last request: 1708.364736 seconds.
  path: Assets/Globos/Explofinal.png
  artifactKey: Guid(e20ada4b54270f14c91dd65f1a187b43) Importer(815301076,1909f56bfc062723c751e8b465ee728b)
Start importing Assets/Globos/Explofinal.png using Guid(e20ada4b54270f14c91dd65f1a187b43) Importer(815301076,1909f56bfc062723c751e8b465ee728b)  -> (artifact id: '361dd1103911cd16192cf042e0c19ecf') in 2.775579 seconds
  Import took 3.506370 seconds .

========================================================================
Received Prepare
Registering precompiled user dll's ...
Registered in 0.032045 seconds.
Begin MonoManager ReloadAssembly
Native extension for WindowsStandalone target not found
Refreshing native plugins compatible for Editor in 6.60 ms, found 1 plugins.
Preloading 0 native plugins for Editor in 0.00 ms.
Invoked RoslynAnalysisRunner static constructor.
RoslynAnalysisRunner will not be running.
RoslynAnalysisRunner has terminated.
Mono: successfully reloaded assembly
- Completed reload, in 12.595 seconds
Platform modules already initialized, skipping
Refreshing native plugins compatible for Editor in 1.76 ms, found 1 plugins.
Preloading 0 native plugins for Editor in 0.00 ms.
Unloading 1807 Unused Serialized files (Serialized files now loaded: 0)
System memory in use before: 88.1 MB.
System memory in use after: 88.1 MB.

Unloading 12 unused Assets to reduce memory usage. Loaded Objects now: 2304.
Total: 14.941200 ms (FindLiveObjects: 0.785300 ms CreateObjectMapping: 0.379700 ms MarkObjects: 13.245400 ms  DeleteObjects: 0.484500 ms)

========================================================================
Received Prepare
Registering precompiled user dll's ...
Registered in 0.879242 seconds.
Begin MonoManager ReloadAssembly
Native extension for WindowsStandalone target not found
Refreshing native plugins compatible for Editor in 1.38 ms, found 1 plugins.
Preloading 0 native plugins for Editor in 0.00 ms.
Invoked RoslynAnalysisRunner static constructor.
RoslynAnalysisRunner will not be running.
RoslynAnalysisRunner has terminated.
Mono: successfully reloaded assembly
- Completed reload, in  9.816 seconds
Platform modules already initialized, skipping
Refreshing native plugins compatible for Editor in 1.39 ms, found 1 plugins.
Preloading 0 native plugins for Editor in 0.00 ms.
Unloading 1807 Unused Serialized files (Serialized files now loaded: 0)
System memory in use before: 88.2 MB.
System memory in use after: 88.1 MB.

Unloading 12 unused Assets to reduce memory usage. Loaded Objects now: 2308.
Total: 9.257800 ms (FindLiveObjects: 0.632900 ms CreateObjectMapping: 0.451900 ms MarkObjects: 7.710100 ms  DeleteObjects: 0.456500 ms)

========================================================================
Received Prepare
Registering precompiled user dll's ...
Registered in 0.014955 seconds.
Begin MonoManager ReloadAssembly
Native extension for WindowsStandalone target not found
Refreshing native plugins compatible for Editor in 5.54 ms, found 1 plugins.
Preloading 0 native plugins for Editor in 0.00 ms.
Invoked RoslynAnalysisRunner static constructor.
RoslynAnalysisRunner will not be running.
RoslynAnalysisRunner has terminated.
Mono: successfully reloaded assembly
- Completed reload, in 18.212 seconds
Platform modules already initialized, skipping
Refreshing native plugins compatible for Editor in 4.73 ms, found 1 plugins.
Preloading 0 native plugins for Editor in 0.00 ms.
Unloading 1808 Unused Serialized files (Serialized files now loaded: 0)
System memory in use before: 88.2 MB.
System memory in use after: 88.2 MB.

Unloading 12 unused Assets to reduce memory usage. Loaded Objects now: 2313.
Total: 17.271500 ms (FindLiveObjects: 0.843300 ms CreateObjectMapping: 0.557900 ms MarkObjects: 15.199300 ms  DeleteObjects: 0.662700 ms)

========================================================================
Received Prepare
Registering precompiled user dll's ...
Registered in 0.020970 seconds.
Begin MonoManager ReloadAssembly
Native extension for WindowsStandalone target not found
Refreshing native plugins compatible for Editor in 3.99 ms, found 1 plugins.
Preloading 0 native plugins for Editor in 0.00 ms.
Invoked RoslynAnalysisRunner static constructor.
RoslynAnalysisRunner will not be running.
RoslynAnalysisRunner has terminated.
Mono: successfully reloaded assembly
- Completed reload, in 14.642 seconds
Platform modules already initialized, skipping
Refreshing native plugins compatible for Editor in 1.42 ms, found 1 plugins.
Preloading 0 native plugins for Editor in 0.00 ms.
Unloading 1808 Unused Serialized files (Serialized files now loaded: 0)
System memory in use before: 88.2 MB.
System memory in use after: 88.2 MB.

Unloading 12 unused Assets to reduce memory usage. Loaded Objects now: 2317.
Total: 10.433100 ms (FindLiveObjects: 0.806300 ms CreateObjectMapping: 0.456000 ms MarkObjects: 8.705000 ms  DeleteObjects: 0.457400 ms)

========================================================================
Received Prepare
Registering precompiled user dll's ...
Registered in 0.041481 seconds.
Begin MonoManager ReloadAssembly
Native extension for WindowsStandalone target not found
Refreshing native plugins compatible for Editor in 2.10 ms, found 1 plugins.
Preloading 0 native plugins for Editor in 0.00 ms.
Invoked RoslynAnalysisRunner static constructor.
RoslynAnalysisRunner will not be running.
RoslynAnalysisRunner has terminated.
Mono: successfully reloaded assembly
- Completed reload, in 17.922 seconds
Platform modules already initialized, skipping
Refreshing native plugins compatible for Editor in 1.97 ms, found 1 plugins.
Preloading 0 native plugins for Editor in 0.00 ms.
Unloading 1808 Unused Serialized files (Serialized files now loaded: 0)
System memory in use before: 88.2 MB.
System memory in use after: 88.2 MB.

Unloading 12 unused Assets to reduce memory usage. Loaded Objects now: 2321.
Total: 16.567400 ms (FindLiveObjects: 0.796200 ms CreateObjectMapping: 0.332100 ms MarkObjects: 14.806200 ms  DeleteObjects: 0.625100 ms)

========================================================================
Received Import Request.
  Time since last request: 2653.148425 seconds.
  path: Assets/Prefab/Explosion.prefab
  artifactKey: Guid(412f3360dfa0d6c4e9a6a7a80435b871) Importer(815301076,1909f56bfc062723c751e8b465ee728b)
Start importing Assets/Prefab/Explosion.prefab using Guid(412f3360dfa0d6c4e9a6a7a80435b871) Importer(815301076,1909f56bfc062723c751e8b465ee728b)  -> (artifact id: '5461d57b3b3932102c9eec620a2bfd9b') in 0.467591 seconds
  Import took 0.511277 seconds .

========================================================================
Received Import Request.
  Time since last request: 11.232086 seconds.
  path: Assets/Materials/BG.mat
  artifactKey: Guid(0eadce1a66fc39e41b0827b3f8ec40ee) Importer(815301076,1909f56bfc062723c751e8b465ee728b)
Start importing Assets/Materials/BG.mat using Guid(0eadce1a66fc39e41b0827b3f8ec40ee) Importer(815301076,1909f56bfc062723c751e8b465ee728b)  -> (artifact id: '37bc4a90feb8263b7edf86386f0c9a57') in 20.582283 seconds
  Import took 24.900422 seconds .

========================================================================
Received Prepare
Registering precompiled user dll's ...
Registered in 0.011226 seconds.
Begin MonoManager ReloadAssembly
Native extension for WindowsStandalone target not found
Refreshing native plugins compatible for Editor in 1.37 ms, found 1 plugins.
Preloading 0 native plugins for Editor in 0.00 ms.
Invoked RoslynAnalysisRunner static constructor.
RoslynAnalysisRunner will not be running.
RoslynAnalysisRunner has terminated.
Mono: successfully reloaded assembly
- Completed reload, in  9.678 seconds
Platform modules already initialized, skipping
Refreshing native plugins compatible for Editor in 1.25 ms, found 1 plugins.
Preloading 0 native plugins for Editor in 0.00 ms.
Unloading 1808 Unused Serialized files (Serialized files now loaded: 0)
System memory in use before: 88.4 MB.
System memory in use after: 88.4 MB.

Unloading 12 unused Assets to reduce memory usage. Loaded Objects now: 2359.
Total: 23.651800 ms (FindLiveObjects: 2.734700 ms CreateObjectMapping: 0.639400 ms MarkObjects: 19.607800 ms  DeleteObjects: 0.661600 ms)

========================================================================
Received Import Request.
  Time since last request: 32.841823 seconds.
  path: Assets/Prefab/Ballon Blue.prefab
  artifactKey: Guid(b59d0c245050c9142afbc101b83d42fe) Importer(815301076,1909f56bfc062723c751e8b465ee728b)
Start importing Assets/Prefab/Ballon Blue.prefab using Guid(b59d0c245050c9142afbc101b83d42fe) Importer(815301076,1909f56bfc062723c751e8b465ee728b)  -> (artifact id: 'aa4140e8596c42c20c331ec053c8bd29') in 48.455578 seconds
  Import took 48.572988 seconds .

========================================================================
Received Prepare
Registering precompiled user dll's ...
Registered in 0.011234 seconds.
Begin MonoManager ReloadAssembly
Native extension for WindowsStandalone target not found
Refreshing native plugins compatible for Editor in 14.84 ms, found 1 plugins.
Preloading 0 native plugins for Editor in 0.00 ms.
Invoked RoslynAnalysisRunner static constructor.
RoslynAnalysisRunner will not be running.
RoslynAnalysisRunner has terminated.
Mono: successfully reloaded assembly
- Completed reload, in 11.356 seconds
Platform modules already initialized, skipping
Refreshing native plugins compatible for Editor in 5.93 ms, found 1 plugins.
Preloading 0 native plugins for Editor in 0.00 ms.
Unloading 1808 Unused Serialized files (Serialized files now loaded: 0)
System memory in use before: 88.4 MB.
System memory in use after: 88.4 MB.

Unloading 12 unused Assets to reduce memory usage. Loaded Objects now: 2364.
Total: 9.060800 ms (FindLiveObjects: 0.712700 ms CreateObjectMapping: 0.455000 ms MarkObjects: 7.449900 ms  DeleteObjects: 0.436600 ms)

========================================================================
Received Prepare
Registering precompiled user dll's ...
Registered in 0.008429 seconds.
Begin MonoManager ReloadAssembly
Native extension for WindowsStandalone target not found
Refreshing native plugins compatible for Editor in 2.82 ms, found 1 plugins.
Preloading 0 native plugins for Editor in 0.00 ms.
Invoked RoslynAnalysisRunner static constructor.
RoslynAnalysisRunner will not be running.
RoslynAnalysisRunner has terminated.
Mono: successfully reloaded assembly
- Completed reload, in 10.374 seconds
Platform modules already initialized, skipping
Refreshing native plugins compatible for Editor in 1.69 ms, found 1 plugins.
Preloading 0 native plugins for Editor in 0.00 ms.
Unloading 1808 Unused Serialized files (Serialized files now loaded: 0)
System memory in use before: 88.5 MB.
System memory in use after: 88.4 MB.

Unloading 12 unused Assets to reduce memory usage. Loaded Objects now: 2368.
Total: 9.450100 ms (FindLiveObjects: 0.686500 ms CreateObjectMapping: 0.477500 ms MarkObjects: 7.834800 ms  DeleteObjects: 0.444400 ms)

========================================================================
Received Import Request.
  Time since last request: 201.463704 seconds.
  path: Assets/Prefab/Ballon Yell.prefab
  artifactKey: Guid(f145ad05570998049a6e7e0fe473b5a8) Importer(815301076,1909f56bfc062723c751e8b465ee728b)
Start importing Assets/Prefab/Ballon Yell.prefab using Guid(f145ad05570998049a6e7e0fe473b5a8) Importer(815301076,1909f56bfc062723c751e8b465ee728b)  -> (artifact id: '644bb1d830efa8346fb57ec18ad65dfe') in 0.640951 seconds
  Import took 0.699795 seconds .

========================================================================
Received Prepare
Registering precompiled user dll's ...
Registered in 0.013687 seconds.
Begin MonoManager ReloadAssembly
Native extension for WindowsStandalone target not found
Refreshing native plugins compatible for Editor in 1.79 ms, found 1 plugins.
Preloading 0 native plugins for Editor in 0.00 ms.
Invoked RoslynAnalysisRunner static constructor.
RoslynAnalysisRunner will not be running.
RoslynAnalysisRunner has terminated.
Mono: successfully reloaded assembly
- Completed reload, in  5.958 seconds
Platform modules already initialized, skipping
Refreshing native plugins compatible for Editor in 1.32 ms, found 1 plugins.
Preloading 0 native plugins for Editor in 0.00 ms.
Unloading 1808 Unused Serialized files (Serialized files now loaded: 0)
System memory in use before: 88.5 MB.
System memory in use after: 88.5 MB.

Unloading 12 unused Assets to reduce memory usage. Loaded Objects now: 2373.
Total: 8.585000 ms (FindLiveObjects: 0.701400 ms CreateObjectMapping: 0.400600 ms MarkObjects: 6.999700 ms  DeleteObjects: 0.475700 ms)

========================================================================
Received Prepare
Registering precompiled user dll's ...
Registered in 0.011968 seconds.
Begin MonoManager ReloadAssembly
Native extension for WindowsStandalone target not found
Refreshing native plugins compatible for Editor in 1.61 ms, found 1 plugins.
Preloading 0 native plugins for Editor in 0.00 ms.
Invoked RoslynAnalysisRunner static constructor.
RoslynAnalysisRunner will not be running.
RoslynAnalysisRunner has terminated.
Mono: successfully reloaded assembly
- Completed reload, in 17.318 seconds
Platform modules already initialized, skipping
Refreshing native plugins compatible for Editor in 1.41 ms, found 1 plugins.
Preloading 0 native plugins for Editor in 0.00 ms.
Unloading 1808 Unused Serialized files (Serialized files now loaded: 0)
System memory in use before: 88.5 MB.
System memory in use after: 88.5 MB.

Unloading 12 unused Assets to reduce memory usage. Loaded Objects now: 2377.
Total: 9.580000 ms (FindLiveObjects: 0.823200 ms CreateObjectMapping: 0.712200 ms MarkObjects: 7.588900 ms  DeleteObjects: 0.448600 ms)

========================================================================
Received Prepare
Registering precompiled user dll's ...
Registered in 0.017491 seconds.
Begin MonoManager ReloadAssembly
Native extension for WindowsStandalone target not found
Refreshing native plugins compatible for Editor in 1.26 ms, found 1 plugins.
Preloading 0 native plugins for Editor in 0.00 ms.
Invoked RoslynAnalysisRunner static constructor.
RoslynAnalysisRunner will not be running.
RoslynAnalysisRunner has terminated.
Mono: successfully reloaded assembly
- Completed reload, in  8.906 seconds
Platform modules already initialized, skipping
Refreshing native plugins compatible for Editor in 1.25 ms, found 1 plugins.
Preloading 0 native plugins for Editor in 0.00 ms.
Unloading 1808 Unused Serialized files (Serialized files now loaded: 0)
System memory in use before: 88.5 MB.
System memory in use after: 88.5 MB.

Unloading 12 unused Assets to reduce memory usage. Loaded Objects now: 2381.
Total: 13.482400 ms (FindLiveObjects: 0.676500 ms CreateObjectMapping: 0.496000 ms MarkObjects: 11.594500 ms  DeleteObjects: 0.707600 ms)

========================================================================
Received Prepare
Registering precompiled user dll's ...
Registered in 0.009533 seconds.
Begin MonoManager ReloadAssembly
Native extension for WindowsStandalone target not found
Refreshing native plugins compatible for Editor in 1.50 ms, found 1 plugins.
Preloading 0 native plugins for Editor in 0.00 ms.
Invoked RoslynAnalysisRunner static constructor.
RoslynAnalysisRunner will not be running.
RoslynAnalysisRunner has terminated.
Mono: successfully reloaded assembly
- Completed reload, in 34.344 seconds
Platform modules already initialized, skipping
Refreshing native plugins compatible for Editor in 1.29 ms, found 1 plugins.
Preloading 0 native plugins for Editor in 0.00 ms.
Unloading 1808 Unused Serialized files (Serialized files now loaded: 0)
System memory in use before: 88.5 MB.
System memory in use after: 88.5 MB.

Unloading 12 unused Assets to reduce memory usage. Loaded Objects now: 2385.
Total: 13.441000 ms (FindLiveObjects: 2.539900 ms CreateObjectMapping: 0.484700 ms MarkObjects: 9.931600 ms  DeleteObjects: 0.476800 ms)

========================================================================
Received Import Request.
  Time since last request: 3891.934588 seconds.
  path: Assets/Prefab/Ballon Green.prefab
  artifactKey: Guid(c03973e1bcbfd58449077a55c2ba3aff) Importer(815301076,1909f56bfc062723c751e8b465ee728b)
Start importing Assets/Prefab/Ballon Green.prefab using Guid(c03973e1bcbfd58449077a55c2ba3aff) Importer(815301076,1909f56bfc062723c751e8b465ee728b)  -> (artifact id: '48d19483e2d5a6a0b6c6dcb4158cd6b4') in 4.202291 seconds
  Import took 4.515019 seconds .

========================================================================
Received Import Request.
  Time since last request: 0.010221 seconds.
  path: Assets/Prefab/laser.prefab
  artifactKey: Guid(d530bbed0abc7bd4e9574f61f35a2f90) Importer(815301076,1909f56bfc062723c751e8b465ee728b)
Start importing Assets/Prefab/laser.prefab using Guid(d530bbed0abc7bd4e9574f61f35a2f90) Importer(815301076,1909f56bfc062723c751e8b465ee728b)  -> (artifact id: '692b8ce7f41deb5303ebaa02cbea1d42') in 0.882911 seconds
  Import took 0.995937 seconds .

========================================================================
Received Import Request.
  Time since last request: 0.007312 seconds.
  path: Assets/Prefab/Ballon Red.prefab
  artifactKey: Guid(23c9873cd8984db4da4501084c0219a7) Importer(815301076,1909f56bfc062723c751e8b465ee728b)
Start importing Assets/Prefab/Ballon Red.prefab using Guid(23c9873cd8984db4da4501084c0219a7) Importer(815301076,1909f56bfc062723c751e8b465ee728b)  -> (artifact id: '1af6ba59edbd61ff59c45097d1da546e') in 0.679237 seconds
  Import took 0.863516 seconds .

========================================================================
Received Prepare
Registering precompiled user dll's ...
Registered in 0.049051 seconds.
Begin MonoManager ReloadAssembly
Native extension for WindowsStandalone target not found
Refreshing native plugins compatible for Editor in 20.99 ms, found 1 plugins.
Preloading 0 native plugins for Editor in 0.00 ms.
Invoked RoslynAnalysisRunner static constructor.
RoslynAnalysisRunner will not be running.
RoslynAnalysisRunner has terminated.
Mono: successfully reloaded assembly
- Completed reload, in 15.972 seconds
Platform modules already initialized, skipping
Refreshing native plugins compatible for Editor in 9.68 ms, found 1 plugins.
Preloading 0 native plugins for Editor in 0.00 ms.
Unloading 1808 Unused Serialized files (Serialized files now loaded: 0)
System memory in use before: 88.5 MB.
System memory in use after: 88.5 MB.

Unloading 12 unused Assets to reduce memory usage. Loaded Objects now: 2390.
Total: 21.013300 ms (FindLiveObjects: 1.956900 ms CreateObjectMapping: 2.430900 ms MarkObjects: 15.472400 ms  DeleteObjects: 1.143000 ms)

========================================================================
Received Import Request.
  Time since last request: 186.205858 seconds.
  path: Assets/Prefab/laser.prefab
  artifactKey: Guid(d530bbed0abc7bd4e9574f61f35a2f90) Importer(815301076,1909f56bfc062723c751e8b465ee728b)
Start importing Assets/Prefab/laser.prefab using Guid(d530bbed0abc7bd4e9574f61f35a2f90) Importer(815301076,1909f56bfc062723c751e8b465ee728b)  -> (artifact id: 'f8e74814206986e0982f64a052bfe1fa') in 0.691055 seconds
  Import took 2.529850 seconds .

========================================================================
Received Prepare
Registering precompiled user dll's ...
Registered in 0.009676 seconds.
Begin MonoManager ReloadAssembly
Native extension for WindowsStandalone target not found
Refreshing native plugins compatible for Editor in 1.30 ms, found 1 plugins.
Preloading 0 native plugins for Editor in 0.00 ms.
Invoked RoslynAnalysisRunner static constructor.
RoslynAnalysisRunner will not be running.
RoslynAnalysisRunner has terminated.
Mono: successfully reloaded assembly
- Completed reload, in  5.067 seconds
Platform modules already initialized, skipping
Refreshing native plugins compatible for Editor in 1.24 ms, found 1 plugins.
Preloading 0 native plugins for Editor in 0.00 ms.
Unloading 1808 Unused Serialized files (Serialized files now loaded: 0)
System memory in use before: 88.5 MB.
System memory in use after: 88.5 MB.

Unloading 12 unused Assets to reduce memory usage. Loaded Objects now: 2395.
Total: 8.346600 ms (FindLiveObjects: 0.604000 ms CreateObjectMapping: 0.330900 ms MarkObjects: 6.955200 ms  DeleteObjects: 0.449700 ms)

AssetImportWorkerClient::OnTransportError - code=2 error=End of file
