Using pre-set license
Built from '2020.2/staging' branch; Version is '2020.2.7f1 (c53830e277f1) revision 12924976'; Using compiler version '192528614'; Build Type 'Release'
OS: 'Windows 10 Pro; OS build 18363.1440; Version 1909; 64bit' Language: 'es' Physical Memory: 3983 MB
BatchMode: 1, IsHumanControllingUs: 0, StartBugReporterOnCrash: 0, Is64bit: 1, IsPro: 0

 COMMAND LINE ARGUMENTS:
C:\Program Files\Unity\Hub\Editor\2020.2.7f1\Editor\Unity.exe
-adb2
-batchMode
-noUpm
-name
AssetImportWorker26
-projectPath
C:/Users/dell/Documents/VideoJuegos/Juego Prog AVB
-logFile
Logs/AssetImportWorker26.log
-srvPort
56594
Successfully changed project path to: C:/Users/dell/Documents/VideoJuegos/Juego Prog AVB
C:/Users/dell/Documents/VideoJuegos/Juego Prog AVB
Using Asset Import Pipeline V2.
