Using pre-set license
Built from '2020.2/staging' branch; Version is '2020.2.7f1 (c53830e277f1) revision 12924976'; Using compiler version '192528614'; Build Type 'Release'
OS: 'Windows 10 Pro; OS build 18363.1440; Version 1909; 64bit' Language: 'es' Physical Memory: 3983 MB
BatchMode: 1, IsHumanControllingUs: 0, StartBugReporterOnCrash: 0, Is64bit: 1, IsPro: 0

 COMMAND LINE ARGUMENTS:
C:\Program Files\Unity\Hub\Editor\2020.2.7f1\Editor\Unity.exe
-adb2
-batchMode
-noUpm
-name
AssetImportWorker23
-projectPath
C:/Users/dell/Documents/VideoJuegos/Juego Prog AVB
-logFile
Logs/AssetImportWorker23.log
-srvPort
57616
Successfully changed project path to: C:/Users/dell/Documents/VideoJuegos/Juego Prog AVB
C:/Users/dell/Documents/VideoJuegos/Juego Prog AVB
Using Asset Import Pipeline V2.
Refreshing native plugins compatible for Editor in 308.89 ms, found 1 plugins.
Preloading 0 native plugins for Editor in 0.00 ms.
Initialize engine version: 2020.2.7f1 (c53830e277f1)
[Subsystems] Discovering subsystems at path C:/Program Files/Unity/Hub/Editor/2020.2.7f1/Editor/Data/Resources/UnitySubsystems
[Subsystems] Discovering subsystems at path C:/Users/dell/Documents/VideoJuegos/Juego Prog AVB/Assets
GfxDevice: creating device client; threaded=0
Direct3D:
    Version:  Direct3D 11.0 [level 11.0]
    Renderer: Intel(R) HD Graphics (ID=0x156)
    Vendor:   
    VRAM:     128 MB
    Driver:   10.18.10.4358
Initialize mono
Mono path[0] = 'C:/Program Files/Unity/Hub/Editor/2020.2.7f1/Editor/Data/Managed'
Mono path[1] = 'C:/Program Files/Unity/Hub/Editor/2020.2.7f1/Editor/Data/MonoBleedingEdge/lib/mono/unityjit'
Mono config path = 'C:/Program Files/Unity/Hub/Editor/2020.2.7f1/Editor/Data/MonoBleedingEdge/etc'
Using monoOptions --debugger-agent=transport=dt_socket,embedding=1,server=y,suspend=n,address=127.0.0.1:56172
Begin MonoManager ReloadAssembly
Registering precompiled unity dll's ...
Register platform support module: C:/Program Files/Unity/Hub/Editor/2020.2.7f1/Editor/Data/PlaybackEngines/WindowsStandaloneSupport/UnityEditor.WindowsStandalone.Extensions.dll
Registered in 0.020927 seconds.
Native extension for WindowsStandalone target not found
Refreshing native plugins compatible for Editor in 244.17 ms, found 1 plugins.
Preloading 0 native plugins for Editor in 0.00 ms.
Invoked RoslynAnalysisRunner static constructor.
RoslynAnalysisRunner will not be running.
RoslynAnalysisRunner has terminated.
Mono: successfully reloaded assembly
- Completed reload, in 10.152 seconds
Platform modules already initialized, skipping
Registering precompiled user dll's ...
Registered in 0.008416 seconds.
Begin MonoManager ReloadAssembly
Native extension for WindowsStandalone target not found
Refreshing native plugins compatible for Editor in 260.37 ms, found 1 plugins.
Preloading 0 native plugins for Editor in 0.00 ms.
Invoked RoslynAnalysisRunner static constructor.
RoslynAnalysisRunner will not be running.
RoslynAnalysisRunner has terminated.
Mono: successfully reloaded assembly
- Completed reload, in  6.734 seconds
Platform modules already initialized, skipping
========================================================================
Worker process is ready to serve import requests
Launched and connected shader compiler UnityShaderCompiler.exe after 0.46 seconds
Refreshing native plugins compatible for Editor in 1.22 ms, found 1 plugins.
Preloading 0 native plugins for Editor in 0.00 ms.
Unloading 1814 Unused Serialized files (Serialized files now loaded: 0)
System memory in use before: 85.0 MB.
System memory in use after: 85.0 MB.

Unloading 24 unused Assets to reduce memory usage. Loaded Objects now: 2260.
Total: 10.218500 ms (FindLiveObjects: 1.600600 ms CreateObjectMapping: 0.418700 ms MarkObjects: 7.631300 ms  DeleteObjects: 0.560900 ms)

========================================================================
Received Import Request.
  path: Assets/Barra de vida/Canvas.prefab
  artifactKey: Guid(45633a729ad713f4a8057d15034a3aba) Importer(815301076,1909f56bfc062723c751e8b465ee728b)
Start importing Assets/Barra de vida/Canvas.prefab using Guid(45633a729ad713f4a8057d15034a3aba) Importer(815301076,1909f56bfc062723c751e8b465ee728b)  -> (artifact id: '5c23b3da6e7338935d0ca9b01df428be') in 0.454243 seconds
  Import took 0.516197 seconds .

========================================================================
Received Import Request.
  Time since last request: 0.001265 seconds.
  path: Assets/Animacion
  artifactKey: Guid(fa73b9ec859bc944cb029df22fbf1656) Importer(815301076,1909f56bfc062723c751e8b465ee728b)
Start importing Assets/Animacion using Guid(fa73b9ec859bc944cb029df22fbf1656) Importer(815301076,1909f56bfc062723c751e8b465ee728b)  -> (artifact id: 'acf296ac8ea54754380c8e05c32be09b') in 0.068271 seconds
  Import took 0.100793 seconds .

========================================================================
Received Import Request.
  Time since last request: 0.002068 seconds.
  path: Assets/Barra de vida/Square.png
  artifactKey: Guid(7472b73ccf6605043a92986a88b192c6) Importer(815301076,1909f56bfc062723c751e8b465ee728b)
Start importing Assets/Barra de vida/Square.png using Guid(7472b73ccf6605043a92986a88b192c6) Importer(815301076,1909f56bfc062723c751e8b465ee728b)  -> (artifact id: '7b66a76aea5c29d4316598e823ace767') in 1.354459 seconds
  Import took 1.393067 seconds .

========================================================================
Received Import Request.
  Time since last request: 0.001492 seconds.
  path: Assets/Barra de vida
  artifactKey: Guid(df70a442c08a8284fa374a2185cb5db9) Importer(815301076,1909f56bfc062723c751e8b465ee728b)
Start importing Assets/Barra de vida using Guid(df70a442c08a8284fa374a2185cb5db9) Importer(815301076,1909f56bfc062723c751e8b465ee728b)  -> (artifact id: '59eadb15d4cd6be13ef0c0189dc66575') in 0.033456 seconds
  Import took 0.277423 seconds .

========================================================================
Received Prepare
Registering precompiled user dll's ...
Registered in 4.724047 seconds.
Begin MonoManager ReloadAssembly
Native extension for WindowsStandalone target not found
Refreshing native plugins compatible for Editor in 1.65 ms, found 1 plugins.
Preloading 0 native plugins for Editor in 0.00 ms.
Invoked RoslynAnalysisRunner static constructor.
RoslynAnalysisRunner will not be running.
RoslynAnalysisRunner has terminated.
Mono: successfully reloaded assembly
- Completed reload, in  9.233 seconds
Platform modules already initialized, skipping
Refreshing native plugins compatible for Editor in 1.46 ms, found 1 plugins.
Preloading 0 native plugins for Editor in 0.00 ms.
Unloading 1809 Unused Serialized files (Serialized files now loaded: 0)
System memory in use before: 88.1 MB.
System memory in use after: 88.1 MB.

Unloading 12 unused Assets to reduce memory usage. Loaded Objects now: 2272.
Total: 15.139700 ms (FindLiveObjects: 0.659800 ms CreateObjectMapping: 0.333200 ms MarkObjects: 13.664400 ms  DeleteObjects: 0.475100 ms)

========================================================================
Received Prepare
Registering precompiled user dll's ...
Registered in 0.009504 seconds.
Begin MonoManager ReloadAssembly
Native extension for WindowsStandalone target not found
Refreshing native plugins compatible for Editor in 1.58 ms, found 1 plugins.
Preloading 0 native plugins for Editor in 0.00 ms.
Invoked RoslynAnalysisRunner static constructor.
RoslynAnalysisRunner will not be running.
RoslynAnalysisRunner has terminated.
Mono: successfully reloaded assembly
- Completed reload, in  9.892 seconds
Platform modules already initialized, skipping
Refreshing native plugins compatible for Editor in 3.20 ms, found 1 plugins.
Preloading 0 native plugins for Editor in 0.00 ms.
Unloading 1809 Unused Serialized files (Serialized files now loaded: 0)
System memory in use before: 88.2 MB.
System memory in use after: 88.2 MB.

Unloading 12 unused Assets to reduce memory usage. Loaded Objects now: 2276.
Total: 14.972700 ms (FindLiveObjects: 0.569500 ms CreateObjectMapping: 0.711300 ms MarkObjects: 13.172900 ms  DeleteObjects: 0.512500 ms)

========================================================================
Received Import Request.
  Time since last request: 896.395228 seconds.
  path: Assets/Script/ship.cs
  artifactKey: Guid(ae78624d794615d47a020044c3c7fb1a) Importer(815301076,1909f56bfc062723c751e8b465ee728b)
Start importing Assets/Script/ship.cs using Guid(ae78624d794615d47a020044c3c7fb1a) Importer(815301076,1909f56bfc062723c751e8b465ee728b)  -> (artifact id: 'e452404681da4fc172151ec5a2614ed2') in 11.988872 seconds
  Import took 12.195885 seconds .

========================================================================
Received Prepare
Registering precompiled user dll's ...
Registered in 2.120035 seconds.
Begin MonoManager ReloadAssembly
Native extension for WindowsStandalone target not found
Refreshing native plugins compatible for Editor in 1.96 ms, found 1 plugins.
Preloading 0 native plugins for Editor in 0.00 ms.
Invoked RoslynAnalysisRunner static constructor.
RoslynAnalysisRunner will not be running.
RoslynAnalysisRunner has terminated.
Mono: successfully reloaded assembly
- Completed reload, in 37.460 seconds
Platform modules already initialized, skipping
Refreshing native plugins compatible for Editor in 1.28 ms, found 1 plugins.
Preloading 0 native plugins for Editor in 0.00 ms.
Unloading 1809 Unused Serialized files (Serialized files now loaded: 0)
System memory in use before: 88.2 MB.
System memory in use after: 88.2 MB.

Unloading 12 unused Assets to reduce memory usage. Loaded Objects now: 2280.
Total: 31.985300 ms (FindLiveObjects: 1.122400 ms CreateObjectMapping: 2.043900 ms MarkObjects: 28.243900 ms  DeleteObjects: 0.566500 ms)

========================================================================
Received Prepare
Registering precompiled user dll's ...
Registered in 0.075213 seconds.
Begin MonoManager ReloadAssembly
Native extension for WindowsStandalone target not found
Refreshing native plugins compatible for Editor in 1.88 ms, found 1 plugins.
Preloading 0 native plugins for Editor in 0.00 ms.
Invoked RoslynAnalysisRunner static constructor.
RoslynAnalysisRunner will not be running.
RoslynAnalysisRunner has terminated.
Mono: successfully reloaded assembly
- Completed reload, in 17.665 seconds
Platform modules already initialized, skipping
Refreshing native plugins compatible for Editor in 8.80 ms, found 1 plugins.
Preloading 0 native plugins for Editor in 0.00 ms.
Unloading 1809 Unused Serialized files (Serialized files now loaded: 0)
System memory in use before: 88.2 MB.
System memory in use after: 88.2 MB.

Unloading 12 unused Assets to reduce memory usage. Loaded Objects now: 2284.
Total: 12.150300 ms (FindLiveObjects: 0.545400 ms CreateObjectMapping: 0.335300 ms MarkObjects: 6.747100 ms  DeleteObjects: 4.515100 ms)

========================================================================
Received Prepare
Registering precompiled user dll's ...
Registered in 0.162367 seconds.
Begin MonoManager ReloadAssembly
Native extension for WindowsStandalone target not found
Refreshing native plugins compatible for Editor in 6.36 ms, found 1 plugins.
Preloading 0 native plugins for Editor in 0.00 ms.
Invoked RoslynAnalysisRunner static constructor.
RoslynAnalysisRunner will not be running.
RoslynAnalysisRunner has terminated.
Mono: successfully reloaded assembly
- Completed reload, in 33.909 seconds
Platform modules already initialized, skipping
Refreshing native plugins compatible for Editor in 1.82 ms, found 1 plugins.
Preloading 0 native plugins for Editor in 0.00 ms.
Unloading 1809 Unused Serialized files (Serialized files now loaded: 0)
System memory in use before: 88.2 MB.
System memory in use after: 88.2 MB.

Unloading 12 unused Assets to reduce memory usage. Loaded Objects now: 2288.
Total: 41.168500 ms (FindLiveObjects: 2.889900 ms CreateObjectMapping: 4.920300 ms MarkObjects: 32.496900 ms  DeleteObjects: 0.852400 ms)

========================================================================
Received Prepare
Registering precompiled user dll's ...
Registered in 0.195014 seconds.
Begin MonoManager ReloadAssembly
Native extension for WindowsStandalone target not found
Refreshing native plugins compatible for Editor in 4.65 ms, found 1 plugins.
Preloading 0 native plugins for Editor in 0.00 ms.
Invoked RoslynAnalysisRunner static constructor.
RoslynAnalysisRunner will not be running.
RoslynAnalysisRunner has terminated.
Mono: successfully reloaded assembly
- Completed reload, in 60.280 seconds
Platform modules already initialized, skipping
Refreshing native plugins compatible for Editor in 1.62 ms, found 1 plugins.
Preloading 0 native plugins for Editor in 0.00 ms.
Unloading 1809 Unused Serialized files (Serialized files now loaded: 0)
System memory in use before: 88.2 MB.
System memory in use after: 88.2 MB.

Unloading 12 unused Assets to reduce memory usage. Loaded Objects now: 2292.
Total: 242.285300 ms (FindLiveObjects: 27.168100 ms CreateObjectMapping: 0.737700 ms MarkObjects: 213.392300 ms  DeleteObjects: 0.977600 ms)

========================================================================
Received Import Request.
  Time since last request: 5047.454889 seconds.
  path: Assets/Prefab/laser.prefab
  artifactKey: Guid(d530bbed0abc7bd4e9574f61f35a2f90) Importer(815301076,1909f56bfc062723c751e8b465ee728b)
Start importing Assets/Prefab/laser.prefab using Guid(d530bbed0abc7bd4e9574f61f35a2f90) Importer(815301076,1909f56bfc062723c751e8b465ee728b)  -> (artifact id: '0f9c53bc7999584385d8feb98acc2dfb') in 92.735989 seconds
  Import took 92.851406 seconds .

========================================================================
Received Prepare
Registering precompiled user dll's ...
Registered in 1.576781 seconds.
Begin MonoManager ReloadAssembly
Native extension for WindowsStandalone target not found
Refreshing native plugins compatible for Editor in 10.80 ms, found 1 plugins.
Preloading 0 native plugins for Editor in 0.00 ms.
Invoked RoslynAnalysisRunner static constructor.
RoslynAnalysisRunner will not be running.
RoslynAnalysisRunner has terminated.
Mono: successfully reloaded assembly
- Completed reload, in 99.486 seconds
Platform modules already initialized, skipping
Refreshing native plugins compatible for Editor in 1.39 ms, found 1 plugins.
Preloading 0 native plugins for Editor in 0.00 ms.
Unloading 1809 Unused Serialized files (Serialized files now loaded: 0)
System memory in use before: 88.3 MB.
System memory in use after: 88.3 MB.

Unloading 12 unused Assets to reduce memory usage. Loaded Objects now: 2300.
Total: 15.397600 ms (FindLiveObjects: 0.588000 ms CreateObjectMapping: 0.353800 ms MarkObjects: 13.890500 ms  DeleteObjects: 0.554900 ms)

========================================================================
Received Prepare
Registering precompiled user dll's ...
Registered in 4.724459 seconds.
Begin MonoManager ReloadAssembly
Native extension for WindowsStandalone target not found
Refreshing native plugins compatible for Editor in 1.56 ms, found 1 plugins.
Preloading 0 native plugins for Editor in 0.00 ms.
Invoked RoslynAnalysisRunner static constructor.
RoslynAnalysisRunner will not be running.
RoslynAnalysisRunner has terminated.
Mono: successfully reloaded assembly
- Completed reload, in 25.844 seconds
Platform modules already initialized, skipping
Refreshing native plugins compatible for Editor in 23.00 ms, found 1 plugins.
Preloading 0 native plugins for Editor in 0.00 ms.
Unloading 1809 Unused Serialized files (Serialized files now loaded: 0)
System memory in use before: 88.3 MB.
System memory in use after: 88.3 MB.

Unloading 12 unused Assets to reduce memory usage. Loaded Objects now: 2304.
Total: 30.530000 ms (FindLiveObjects: 1.582100 ms CreateObjectMapping: 0.405800 ms MarkObjects: 25.361000 ms  DeleteObjects: 3.171000 ms)

========================================================================
Received Prepare
Registering precompiled user dll's ...
Registered in 0.021693 seconds.
Begin MonoManager ReloadAssembly
Native extension for WindowsStandalone target not found
Refreshing native plugins compatible for Editor in 7.20 ms, found 1 plugins.
Preloading 0 native plugins for Editor in 0.00 ms.
Invoked RoslynAnalysisRunner static constructor.
RoslynAnalysisRunner will not be running.
RoslynAnalysisRunner has terminated.
Mono: successfully reloaded assembly
- Completed reload, in 37.554 seconds
Platform modules already initialized, skipping
Refreshing native plugins compatible for Editor in 10.95 ms, found 1 plugins.
Preloading 0 native plugins for Editor in 0.00 ms.
Unloading 1809 Unused Serialized files (Serialized files now loaded: 0)
System memory in use before: 88.3 MB.
System memory in use after: 88.3 MB.

Unloading 12 unused Assets to reduce memory usage. Loaded Objects now: 2308.
Total: 11.782300 ms (FindLiveObjects: 0.666300 ms CreateObjectMapping: 0.710400 ms MarkObjects: 9.689300 ms  DeleteObjects: 0.708200 ms)

========================================================================
Received Prepare
Registering precompiled user dll's ...
Registered in 0.040550 seconds.
Begin MonoManager ReloadAssembly
Native extension for WindowsStandalone target not found
Refreshing native plugins compatible for Editor in 4.86 ms, found 1 plugins.
Preloading 0 native plugins for Editor in 0.00 ms.
Invoked RoslynAnalysisRunner static constructor.
RoslynAnalysisRunner will not be running.
RoslynAnalysisRunner has terminated.
Mono: successfully reloaded assembly
- Completed reload, in 42.870 seconds
Platform modules already initialized, skipping
Refreshing native plugins compatible for Editor in 2.65 ms, found 1 plugins.
Preloading 0 native plugins for Editor in 0.00 ms.
Unloading 1809 Unused Serialized files (Serialized files now loaded: 0)
System memory in use before: 88.3 MB.
System memory in use after: 88.3 MB.

Unloading 12 unused Assets to reduce memory usage. Loaded Objects now: 2312.
Total: 11.823900 ms (FindLiveObjects: 0.736200 ms CreateObjectMapping: 0.460900 ms MarkObjects: 10.135500 ms  DeleteObjects: 0.478900 ms)

========================================================================
Received Import Request.
  Time since last request: 1039.094913 seconds.
  path: Assets/Script/ship.cs
  artifactKey: Guid(ae78624d794615d47a020044c3c7fb1a) Importer(815301076,1909f56bfc062723c751e8b465ee728b)
Start importing Assets/Script/ship.cs using Guid(ae78624d794615d47a020044c3c7fb1a) Importer(815301076,1909f56bfc062723c751e8b465ee728b)  -> (artifact id: '3aab1148687f1ba94257dc98f1868b4e') in 0.097906 seconds
  Import took 0.240264 seconds .

========================================================================
Received Prepare
Registering precompiled user dll's ...
Registered in 0.031787 seconds.
Begin MonoManager ReloadAssembly
Native extension for WindowsStandalone target not found
Refreshing native plugins compatible for Editor in 1.63 ms, found 1 plugins.
Preloading 0 native plugins for Editor in 0.00 ms.
Invoked RoslynAnalysisRunner static constructor.
RoslynAnalysisRunner will not be running.
RoslynAnalysisRunner has terminated.
Mono: successfully reloaded assembly
- Completed reload, in 14.390 seconds
Platform modules already initialized, skipping
Refreshing native plugins compatible for Editor in 27.21 ms, found 1 plugins.
Preloading 0 native plugins for Editor in 0.00 ms.
Unloading 1809 Unused Serialized files (Serialized files now loaded: 0)
System memory in use before: 88.3 MB.
System memory in use after: 88.3 MB.

Unloading 12 unused Assets to reduce memory usage. Loaded Objects now: 2316.
Total: 38.134800 ms (FindLiveObjects: 0.612100 ms CreateObjectMapping: 3.229900 ms MarkObjects: 33.280200 ms  DeleteObjects: 1.004800 ms)

========================================================================
Received Prepare
Registering precompiled user dll's ...
Registered in 0.112934 seconds.
Begin MonoManager ReloadAssembly
Native extension for WindowsStandalone target not found
Refreshing native plugins compatible for Editor in 3.38 ms, found 1 plugins.
Preloading 0 native plugins for Editor in 0.00 ms.
Invoked RoslynAnalysisRunner static constructor.
RoslynAnalysisRunner will not be running.
RoslynAnalysisRunner has terminated.
Mono: successfully reloaded assembly
- Completed reload, in 223.833 seconds
Platform modules already initialized, skipping
Refreshing native plugins compatible for Editor in 6.11 ms, found 1 plugins.
Preloading 0 native plugins for Editor in 0.00 ms.
Unloading 1809 Unused Serialized files (Serialized files now loaded: 0)
System memory in use before: 88.3 MB.
System memory in use after: 88.3 MB.

Unloading 12 unused Assets to reduce memory usage. Loaded Objects now: 2320.
Total: 12.664500 ms (FindLiveObjects: 0.580500 ms CreateObjectMapping: 1.017800 ms MarkObjects: 10.432400 ms  DeleteObjects: 0.626500 ms)

========================================================================
Received Prepare
Registering precompiled user dll's ...
Registered in 0.709813 seconds.
Begin MonoManager ReloadAssembly
Native extension for WindowsStandalone target not found
Refreshing native plugins compatible for Editor in 1.93 ms, found 1 plugins.
Preloading 0 native plugins for Editor in 0.00 ms.
Invoked RoslynAnalysisRunner static constructor.
RoslynAnalysisRunner will not be running.
RoslynAnalysisRunner has terminated.
Mono: successfully reloaded assembly
- Completed reload, in 16.997 seconds
Platform modules already initialized, skipping
Refreshing native plugins compatible for Editor in 1.24 ms, found 1 plugins.
Preloading 0 native plugins for Editor in 0.00 ms.
Unloading 1809 Unused Serialized files (Serialized files now loaded: 0)
System memory in use before: 88.3 MB.
System memory in use after: 88.3 MB.

Unloading 12 unused Assets to reduce memory usage. Loaded Objects now: 2324.
Total: 31.601200 ms (FindLiveObjects: 1.710700 ms CreateObjectMapping: 2.322700 ms MarkObjects: 26.666100 ms  DeleteObjects: 0.892700 ms)

========================================================================
Received Import Request.
  Time since last request: 2570.874042 seconds.
  path: Assets/Script/Limits.cs
  artifactKey: Guid(3d50fdf9a2fed3546be73118223e1977) Importer(815301076,1909f56bfc062723c751e8b465ee728b)
Start importing Assets/Script/Limits.cs using Guid(3d50fdf9a2fed3546be73118223e1977) Importer(815301076,1909f56bfc062723c751e8b465ee728b)  -> (artifact id: 'af88672e667227d357385406475078f2') in 0.143633 seconds
  Import took 0.280102 seconds .

========================================================================
Received Prepare
Registering precompiled user dll's ...
Registered in 0.443390 seconds.
Begin MonoManager ReloadAssembly
Native extension for WindowsStandalone target not found
Refreshing native plugins compatible for Editor in 22.59 ms, found 1 plugins.
Preloading 0 native plugins for Editor in 0.00 ms.
Invoked RoslynAnalysisRunner static constructor.
RoslynAnalysisRunner will not be running.
RoslynAnalysisRunner has terminated.
Mono: successfully reloaded assembly
- Completed reload, in 81.764 seconds
Platform modules already initialized, skipping
Refreshing native plugins compatible for Editor in 1.46 ms, found 1 plugins.
Preloading 0 native plugins for Editor in 0.00 ms.
Unloading 1810 Unused Serialized files (Serialized files now loaded: 0)
System memory in use before: 88.4 MB.
System memory in use after: 88.3 MB.

Unloading 12 unused Assets to reduce memory usage. Loaded Objects now: 2329.
Total: 82.809300 ms (FindLiveObjects: 33.152200 ms CreateObjectMapping: 26.746200 ms MarkObjects: 10.272400 ms  DeleteObjects: 12.630000 ms)

========================================================================
Received Prepare
Registering precompiled user dll's ...
Registered in 0.044934 seconds.
Begin MonoManager ReloadAssembly
Native extension for WindowsStandalone target not found
Refreshing native plugins compatible for Editor in 1.96 ms, found 1 plugins.
Preloading 0 native plugins for Editor in 0.00 ms.
Invoked RoslynAnalysisRunner static constructor.
RoslynAnalysisRunner will not be running.
RoslynAnalysisRunner has terminated.
Mono: successfully reloaded assembly
- Completed reload, in 16.792 seconds
Platform modules already initialized, skipping
Refreshing native plugins compatible for Editor in 1.23 ms, found 1 plugins.
Preloading 0 native plugins for Editor in 0.00 ms.
Unloading 1810 Unused Serialized files (Serialized files now loaded: 0)
System memory in use before: 88.4 MB.
System memory in use after: 88.3 MB.

Unloading 12 unused Assets to reduce memory usage. Loaded Objects now: 2333.
Total: 18.295000 ms (FindLiveObjects: 1.400800 ms CreateObjectMapping: 0.406500 ms MarkObjects: 15.681200 ms  DeleteObjects: 0.797100 ms)

========================================================================
Received Import Request.
  Time since last request: 685.225202 seconds.
  path: Assets/Script/Limits.cs
  artifactKey: Guid(3d50fdf9a2fed3546be73118223e1977) Importer(815301076,1909f56bfc062723c751e8b465ee728b)
Start importing Assets/Script/Limits.cs using Guid(3d50fdf9a2fed3546be73118223e1977) Importer(815301076,1909f56bfc062723c751e8b465ee728b)  -> (artifact id: '86628149e93ba571e14959b0b84c4c48') in 0.083407 seconds
  Import took 0.127501 seconds .

========================================================================
Received Prepare
Registering precompiled user dll's ...
Registered in 0.008055 seconds.
Begin MonoManager ReloadAssembly
Native extension for WindowsStandalone target not found
Refreshing native plugins compatible for Editor in 9.65 ms, found 1 plugins.
Preloading 0 native plugins for Editor in 0.00 ms.
Invoked RoslynAnalysisRunner static constructor.
RoslynAnalysisRunner will not be running.
RoslynAnalysisRunner has terminated.
Mono: successfully reloaded assembly
- Completed reload, in 40.021 seconds
Platform modules already initialized, skipping
Refreshing native plugins compatible for Editor in 1.24 ms, found 1 plugins.
Preloading 0 native plugins for Editor in 0.00 ms.
Unloading 1810 Unused Serialized files (Serialized files now loaded: 0)
System memory in use before: 88.4 MB.
System memory in use after: 88.4 MB.

Unloading 12 unused Assets to reduce memory usage. Loaded Objects now: 2337.
Total: 18.489900 ms (FindLiveObjects: 0.658600 ms CreateObjectMapping: 6.068700 ms MarkObjects: 11.278200 ms  DeleteObjects: 0.476900 ms)

========================================================================
Received Prepare
Registering precompiled user dll's ...
Registered in 0.298603 seconds.
Begin MonoManager ReloadAssembly
Native extension for WindowsStandalone target not found
Refreshing native plugins compatible for Editor in 1.34 ms, found 1 plugins.
Preloading 0 native plugins for Editor in 0.00 ms.
Invoked RoslynAnalysisRunner static constructor.
RoslynAnalysisRunner will not be running.
RoslynAnalysisRunner has terminated.
Mono: successfully reloaded assembly
- Completed reload, in 15.582 seconds
Platform modules already initialized, skipping
Refreshing native plugins compatible for Editor in 1.71 ms, found 1 plugins.
Preloading 0 native plugins for Editor in 0.00 ms.
Unloading 1810 Unused Serialized files (Serialized files now loaded: 0)
System memory in use before: 88.4 MB.
System memory in use after: 88.4 MB.

Unloading 12 unused Assets to reduce memory usage. Loaded Objects now: 2341.
Total: 39.308200 ms (FindLiveObjects: 0.633700 ms CreateObjectMapping: 0.404800 ms MarkObjects: 37.506200 ms  DeleteObjects: 0.754600 ms)

========================================================================
Received Prepare
Registering precompiled user dll's ...
Registered in 0.082435 seconds.
Begin MonoManager ReloadAssembly
Native extension for WindowsStandalone target not found
Refreshing native plugins compatible for Editor in 1.54 ms, found 1 plugins.
Preloading 0 native plugins for Editor in 0.00 ms.
Invoked RoslynAnalysisRunner static constructor.
RoslynAnalysisRunner will not be running.
RoslynAnalysisRunner has terminated.
Mono: successfully reloaded assembly
- Completed reload, in  8.948 seconds
Platform modules already initialized, skipping
Refreshing native plugins compatible for Editor in 1.36 ms, found 1 plugins.
Preloading 0 native plugins for Editor in 0.00 ms.
Unloading 1810 Unused Serialized files (Serialized files now loaded: 0)
System memory in use before: 88.4 MB.
System memory in use after: 88.4 MB.

Unloading 12 unused Assets to reduce memory usage. Loaded Objects now: 2345.
Total: 9.570600 ms (FindLiveObjects: 0.551000 ms CreateObjectMapping: 0.320900 ms MarkObjects: 8.259400 ms  DeleteObjects: 0.431700 ms)

========================================================================
Received Prepare
Registering precompiled user dll's ...
Registered in 0.008922 seconds.
Begin MonoManager ReloadAssembly
Native extension for WindowsStandalone target not found
Refreshing native plugins compatible for Editor in 1.64 ms, found 1 plugins.
Preloading 0 native plugins for Editor in 0.00 ms.
Invoked RoslynAnalysisRunner static constructor.
RoslynAnalysisRunner will not be running.
RoslynAnalysisRunner has terminated.
Mono: successfully reloaded assembly
- Completed reload, in  9.640 seconds
Platform modules already initialized, skipping
Refreshing native plugins compatible for Editor in 1.50 ms, found 1 plugins.
Preloading 0 native plugins for Editor in 0.00 ms.
Unloading 1810 Unused Serialized files (Serialized files now loaded: 0)
System memory in use before: 88.4 MB.
System memory in use after: 88.4 MB.

Unloading 12 unused Assets to reduce memory usage. Loaded Objects now: 2349.
Total: 10.318500 ms (FindLiveObjects: 0.674400 ms CreateObjectMapping: 0.373100 ms MarkObjects: 8.804100 ms  DeleteObjects: 0.458400 ms)

AssetImportWorkerClient::OnTransportError - code=2 error=End of file
