Using pre-set license
Built from '2020.2/staging' branch; Version is '2020.2.7f1 (c53830e277f1) revision 12924976'; Using compiler version '192528614'; Build Type 'Release'
OS: 'Windows 10 Pro; OS build 18363.1440; Version 1909; 64bit' Language: 'es' Physical Memory: 3983 MB
BatchMode: 1, IsHumanControllingUs: 0, StartBugReporterOnCrash: 0, Is64bit: 1, IsPro: 0

 COMMAND LINE ARGUMENTS:
C:\Program Files\Unity\Hub\Editor\2020.2.7f1\Editor\Unity.exe
-adb2
-batchMode
-noUpm
-name
AssetImportWorker17
-projectPath
C:/Users/dell/Documents/VideoJuegos/Juego Prog AVB
-logFile
Logs/AssetImportWorker17.log
-srvPort
59054
Successfully changed project path to: C:/Users/dell/Documents/VideoJuegos/Juego Prog AVB
C:/Users/dell/Documents/VideoJuegos/Juego Prog AVB
Using Asset Import Pipeline V2.
Refreshing native plugins compatible for Editor in 264.56 ms, found 1 plugins.
Preloading 0 native plugins for Editor in 0.00 ms.
Initialize engine version: 2020.2.7f1 (c53830e277f1)
[Subsystems] Discovering subsystems at path C:/Program Files/Unity/Hub/Editor/2020.2.7f1/Editor/Data/Resources/UnitySubsystems
[Subsystems] Discovering subsystems at path C:/Users/dell/Documents/VideoJuegos/Juego Prog AVB/Assets
GfxDevice: creating device client; threaded=0
Direct3D:
    Version:  Direct3D 11.0 [level 11.0]
    Renderer: Intel(R) HD Graphics (ID=0x156)
    Vendor:   
    VRAM:     128 MB
    Driver:   10.18.10.4358
Initialize mono
Mono path[0] = 'C:/Program Files/Unity/Hub/Editor/2020.2.7f1/Editor/Data/Managed'
Mono path[1] = 'C:/Program Files/Unity/Hub/Editor/2020.2.7f1/Editor/Data/MonoBleedingEdge/lib/mono/unityjit'
Mono config path = 'C:/Program Files/Unity/Hub/Editor/2020.2.7f1/Editor/Data/MonoBleedingEdge/etc'
Using monoOptions --debugger-agent=transport=dt_socket,embedding=1,server=y,suspend=n,address=127.0.0.1:56036
Begin MonoManager ReloadAssembly
Registering precompiled unity dll's ...
Register platform support module: C:/Program Files/Unity/Hub/Editor/2020.2.7f1/Editor/Data/PlaybackEngines/WindowsStandaloneSupport/UnityEditor.WindowsStandalone.Extensions.dll
Registered in 0.022675 seconds.
Native extension for WindowsStandalone target not found
Refreshing native plugins compatible for Editor in 247.53 ms, found 1 plugins.
Preloading 0 native plugins for Editor in 0.00 ms.
Invoked RoslynAnalysisRunner static constructor.
RoslynAnalysisRunner will not be running.
RoslynAnalysisRunner has terminated.
Mono: successfully reloaded assembly
- Completed reload, in  8.591 seconds
Platform modules already initialized, skipping
Registering precompiled user dll's ...
Registered in 0.013950 seconds.
Begin MonoManager ReloadAssembly
Native extension for WindowsStandalone target not found
Refreshing native plugins compatible for Editor in 240.26 ms, found 1 plugins.
Preloading 0 native plugins for Editor in 0.00 ms.
Invoked RoslynAnalysisRunner static constructor.
RoslynAnalysisRunner will not be running.
RoslynAnalysisRunner has terminated.
Mono: successfully reloaded assembly
- Completed reload, in  6.758 seconds
Platform modules already initialized, skipping
========================================================================
Worker process is ready to serve import requests
Launched and connected shader compiler UnityShaderCompiler.exe after 0.81 seconds
Refreshing native plugins compatible for Editor in 1.97 ms, found 1 plugins.
Preloading 0 native plugins for Editor in 0.00 ms.
Unloading 1810 Unused Serialized files (Serialized files now loaded: 0)
System memory in use before: 84.9 MB.
System memory in use after: 84.8 MB.

Unloading 24 unused Assets to reduce memory usage. Loaded Objects now: 2255.
Total: 9.504900 ms (FindLiveObjects: 0.703600 ms CreateObjectMapping: 0.377100 ms MarkObjects: 7.868100 ms  DeleteObjects: 0.549500 ms)

========================================================================
Received Import Request.
  path: Assets/Globo02.png
  artifactKey: Guid(818113309679f19478daa7fcdba40b8d) Importer(815301076,1909f56bfc062723c751e8b465ee728b)
Start importing Assets/Globo02.png using Guid(818113309679f19478daa7fcdba40b8d) Importer(815301076,1909f56bfc062723c751e8b465ee728b)  -> (artifact id: '35d23eb699f42b8dad872f64d52a77c6') in 1.813363 seconds
  Import took 1.963838 seconds .

========================================================================
Received Prepare
Refreshing native plugins compatible for Editor in 446.52 ms, found 1 plugins.
Preloading 0 native plugins for Editor in 0.00 ms.
Unloading 10 Unused Serialized files (Serialized files now loaded: 0)
System memory in use before: 52.4 MB.
System memory in use after: 52.4 MB.

Unloading 10 unused Assets to reduce memory usage. Loaded Objects now: 2261.
Total: 18.003000 ms (FindLiveObjects: 0.992900 ms CreateObjectMapping: 0.478400 ms MarkObjects: 15.890100 ms  DeleteObjects: 0.633100 ms)

========================================================================
Received Import Request.
  Time since last request: 976.463186 seconds.
  path: Assets/PNGPIX-COM-Balloon-PNG-image-5.png
  artifactKey: Guid(c5bf75a7f987c43438f38d9c4b3ab71f) Importer(815301076,1909f56bfc062723c751e8b465ee728b)
Start importing Assets/PNGPIX-COM-Balloon-PNG-image-5.png using Guid(c5bf75a7f987c43438f38d9c4b3ab71f) Importer(815301076,1909f56bfc062723c751e8b465ee728b)  -> (artifact id: '199a9c1e4a280410ebbdcd0be2a4a1f8') in 0.366554 seconds
  Import took 0.414394 seconds .

========================================================================
Received Import Request.
  Time since last request: 25.844688 seconds.
  path: Assets/blue-balloon-clipart-png-2.png
  artifactKey: Guid(44a3728e4a8d9d345918e382aa9376d3) Importer(815301076,1909f56bfc062723c751e8b465ee728b)
Start importing Assets/blue-balloon-clipart-png-2.png using Guid(44a3728e4a8d9d345918e382aa9376d3) Importer(815301076,1909f56bfc062723c751e8b465ee728b)  -> (artifact id: '51968d0f83c5a0060809bf7fb5c04462') in 0.191373 seconds
  Import took 0.231590 seconds .

========================================================================
Received Import Request.
  Time since last request: 19.889910 seconds.
  path: Assets/balloons-images-19.png
  artifactKey: Guid(47b1071f9e6463e4e8ec7f138bc1a85d) Importer(815301076,1909f56bfc062723c751e8b465ee728b)
Start importing Assets/balloons-images-19.png using Guid(47b1071f9e6463e4e8ec7f138bc1a85d) Importer(815301076,1909f56bfc062723c751e8b465ee728b)  -> (artifact id: '8ddd7f5c7a3fd1e844416679fc50e1c1') in 0.372424 seconds
  Import took 0.483330 seconds .

========================================================================
Received Import Request.
  Time since last request: 25.755159 seconds.
  path: Assets/Green-Balloon-Transparent-PNG-Image-Free.png
  artifactKey: Guid(3e46d8077a7f50948b4f7439bd09240a) Importer(815301076,1909f56bfc062723c751e8b465ee728b)
Start importing Assets/Green-Balloon-Transparent-PNG-Image-Free.png using Guid(3e46d8077a7f50948b4f7439bd09240a) Importer(815301076,1909f56bfc062723c751e8b465ee728b)  -> (artifact id: 'ff983cccf0b4d06e1cc761f3954563e9') in 0.224339 seconds
  Import took 0.297799 seconds .

========================================================================
Received Import Request.
  Time since last request: 7.111497 seconds.
  path: Assets
  artifactKey: Guid(00000000000000001000000000000000) Importer(815301076,1909f56bfc062723c751e8b465ee728b)
Start importing Assets using Guid(00000000000000001000000000000000) Importer(815301076,1909f56bfc062723c751e8b465ee728b)  -> (artifact id: 'f89434ac489deb914593f829e0a47671') in 0.107402 seconds
  Import took 0.152697 seconds .

========================================================================
Received Import Request.
  Time since last request: 7.707783 seconds.
  path: Assets/Globos
  artifactKey: Guid(e2b7685b34da71043909d1ed607ee7f8) Importer(815301076,1909f56bfc062723c751e8b465ee728b)
Start importing Assets/Globos using Guid(e2b7685b34da71043909d1ed607ee7f8) Importer(815301076,1909f56bfc062723c751e8b465ee728b)  -> (artifact id: '168a6dc336e82e7c67c0fc0813be760d') in 0.055882 seconds
  Import took 0.103362 seconds .

========================================================================
Received Import Request.
  Time since last request: 232.418231 seconds.
  path: Assets/Prefab
  artifactKey: Guid(9e7fdb1903c1c93428ac215d9a597b54) Importer(815301076,1909f56bfc062723c751e8b465ee728b)
Start importing Assets/Prefab using Guid(9e7fdb1903c1c93428ac215d9a597b54) Importer(815301076,1909f56bfc062723c751e8b465ee728b)  -> (artifact id: 'a8fd34144a092361b05c26be7b145692') in 0.152629 seconds
  Import took 0.264418 seconds .

========================================================================
Received Import Request.
  Time since last request: 21.451914 seconds.
  path: Assets/Nave
  artifactKey: Guid(21c0fce73ddc0a2428271a7ab7601260) Importer(815301076,1909f56bfc062723c751e8b465ee728b)
Start importing Assets/Nave using Guid(21c0fce73ddc0a2428271a7ab7601260) Importer(815301076,1909f56bfc062723c751e8b465ee728b)  -> (artifact id: 'bf4d36e3d9e393ac2bd3ffd377890a5d') in 0.163949 seconds
  Import took 0.229616 seconds .

========================================================================
Received Import Request.
  Time since last request: 20.309568 seconds.
  path: Assets/Script
  artifactKey: Guid(1084830f8a94a16458636e715b14f2ff) Importer(815301076,1909f56bfc062723c751e8b465ee728b)
Start importing Assets/Script using Guid(1084830f8a94a16458636e715b14f2ff) Importer(815301076,1909f56bfc062723c751e8b465ee728b)  -> (artifact id: '11643844cf49d18e6dff408b9d963247') in 0.188954 seconds
  Import took 0.250882 seconds .

========================================================================
Received Prepare
Registering precompiled user dll's ...
Registered in 0.012162 seconds.
Begin MonoManager ReloadAssembly
Native extension for WindowsStandalone target not found
Refreshing native plugins compatible for Editor in 2.25 ms, found 1 plugins.
Preloading 0 native plugins for Editor in 0.00 ms.
Invoked RoslynAnalysisRunner static constructor.
RoslynAnalysisRunner will not be running.
RoslynAnalysisRunner has terminated.
Mono: successfully reloaded assembly
- Completed reload, in 10.533 seconds
Platform modules already initialized, skipping
Refreshing native plugins compatible for Editor in 1.25 ms, found 1 plugins.
Preloading 0 native plugins for Editor in 0.00 ms.
Unloading 1805 Unused Serialized files (Serialized files now loaded: 0)
System memory in use before: 87.9 MB.
System memory in use after: 87.9 MB.

Unloading 12 unused Assets to reduce memory usage. Loaded Objects now: 2271.
Total: 10.545600 ms (FindLiveObjects: 0.660100 ms CreateObjectMapping: 0.341500 ms MarkObjects: 9.012200 ms  DeleteObjects: 0.524300 ms)

========================================================================
Received Prepare
Registering precompiled user dll's ...
Registered in 0.008467 seconds.
Begin MonoManager ReloadAssembly
Native extension for WindowsStandalone target not found
Refreshing native plugins compatible for Editor in 1.24 ms, found 1 plugins.
Preloading 0 native plugins for Editor in 0.00 ms.
Invoked RoslynAnalysisRunner static constructor.
RoslynAnalysisRunner will not be running.
RoslynAnalysisRunner has terminated.
Mono: successfully reloaded assembly
- Completed reload, in  6.446 seconds
Platform modules already initialized, skipping
Refreshing native plugins compatible for Editor in 1.85 ms, found 1 plugins.
Preloading 0 native plugins for Editor in 0.00 ms.
Unloading 1805 Unused Serialized files (Serialized files now loaded: 0)
System memory in use before: 88.0 MB.
System memory in use after: 88.0 MB.

Unloading 12 unused Assets to reduce memory usage. Loaded Objects now: 2275.
Total: 10.192400 ms (FindLiveObjects: 0.569700 ms CreateObjectMapping: 1.468700 ms MarkObjects: 7.704100 ms  DeleteObjects: 0.442400 ms)

========================================================================
Received Import Request.
  Time since last request: 1118.981327 seconds.
  path: Assets/Prefab/Ballon Blue.prefab
  artifactKey: Guid(b59d0c245050c9142afbc101b83d42fe) Importer(815301076,1909f56bfc062723c751e8b465ee728b)
Start importing Assets/Prefab/Ballon Blue.prefab using Guid(b59d0c245050c9142afbc101b83d42fe) Importer(815301076,1909f56bfc062723c751e8b465ee728b)  -> (artifact id: '53ac36835d8556a85727062c37f41f47') in 8.224388 seconds
  Import took 8.274119 seconds .

========================================================================
Received Import Request.
  Time since last request: 0.000964 seconds.
  path: Assets/Prefab/Ballon Red.prefab
  artifactKey: Guid(23c9873cd8984db4da4501084c0219a7) Importer(815301076,1909f56bfc062723c751e8b465ee728b)
Start importing Assets/Prefab/Ballon Red.prefab using Guid(23c9873cd8984db4da4501084c0219a7) Importer(815301076,1909f56bfc062723c751e8b465ee728b)  -> (artifact id: '3e093cbf3e7c18c2ab1ff24b62b46e35') in 0.250585 seconds
  Import took 0.304974 seconds .

========================================================================
Received Import Request.
  Time since last request: 0.001890 seconds.
  path: Assets/Prefab/Ballon Blue.prefab
  artifactKey: Guid(b59d0c245050c9142afbc101b83d42fe) Importer(815301076,1909f56bfc062723c751e8b465ee728b)
Start importing Assets/Prefab/Ballon Blue.prefab using Guid(b59d0c245050c9142afbc101b83d42fe) Importer(815301076,1909f56bfc062723c751e8b465ee728b)  -> (artifact id: '53ac36835d8556a85727062c37f41f47') in 0.348242 seconds
  Import took 0.609603 seconds .

========================================================================
Received Import Request.
  Time since last request: 0.001848 seconds.
  path: Assets/Prefab/Ballon Yell.prefab
  artifactKey: Guid(f145ad05570998049a6e7e0fe473b5a8) Importer(815301076,1909f56bfc062723c751e8b465ee728b)
Start importing Assets/Prefab/Ballon Yell.prefab using Guid(f145ad05570998049a6e7e0fe473b5a8) Importer(815301076,1909f56bfc062723c751e8b465ee728b)  -> (artifact id: '4936f9e8a8ae0d38fe2fcf455d285115') in 0.287442 seconds
  Import took 0.352653 seconds .

========================================================================
Received Import Request.
  Time since last request: 0.002600 seconds.
  path: Assets/Prefab/Ballon Green.prefab
  artifactKey: Guid(c03973e1bcbfd58449077a55c2ba3aff) Importer(815301076,1909f56bfc062723c751e8b465ee728b)
Start importing Assets/Prefab/Ballon Green.prefab using Guid(c03973e1bcbfd58449077a55c2ba3aff) Importer(815301076,1909f56bfc062723c751e8b465ee728b)  -> (artifact id: '6954661f46c00ab878034fe217bae6a6') in 0.276260 seconds
  Import took 0.312572 seconds .

========================================================================
Received Prepare
Registering precompiled user dll's ...
Registered in 0.019461 seconds.
Begin MonoManager ReloadAssembly
Native extension for WindowsStandalone target not found
Refreshing native plugins compatible for Editor in 1.58 ms, found 1 plugins.
Preloading 0 native plugins for Editor in 0.00 ms.
Invoked RoslynAnalysisRunner static constructor.
RoslynAnalysisRunner will not be running.
RoslynAnalysisRunner has terminated.
Mono: successfully reloaded assembly
- Completed reload, in  9.091 seconds
Platform modules already initialized, skipping
Refreshing native plugins compatible for Editor in 1.16 ms, found 1 plugins.
Preloading 0 native plugins for Editor in 0.00 ms.
Unloading 1806 Unused Serialized files (Serialized files now loaded: 0)
System memory in use before: 88.1 MB.
System memory in use after: 88.0 MB.

Unloading 12 unused Assets to reduce memory usage. Loaded Objects now: 2284.
Total: 11.315800 ms (FindLiveObjects: 0.562700 ms CreateObjectMapping: 1.562000 ms MarkObjects: 8.751700 ms  DeleteObjects: 0.432500 ms)

========================================================================
Received Import Request.
  Time since last request: 301.924667 seconds.
  path: Assets/Spawer.cs
  artifactKey: Guid(d88dfc026fe9e3848abb7cfcbe2ddbdd) Importer(815301076,1909f56bfc062723c751e8b465ee728b)
Start importing Assets/Spawer.cs using Guid(d88dfc026fe9e3848abb7cfcbe2ddbdd) Importer(815301076,1909f56bfc062723c751e8b465ee728b)  -> (artifact id: 'eccfe90bc16597f051dd78574e190cd6') in 0.187139 seconds
  Import took 0.225245 seconds .

========================================================================
Received Import Request.
  Time since last request: 85.551654 seconds.
  path: Assets/Spawner.cs
  artifactKey: Guid(d88dfc026fe9e3848abb7cfcbe2ddbdd) Importer(815301076,1909f56bfc062723c751e8b465ee728b)
Start importing Assets/Spawner.cs using Guid(d88dfc026fe9e3848abb7cfcbe2ddbdd) Importer(815301076,1909f56bfc062723c751e8b465ee728b)  -> (artifact id: '560fddb28a2bd50d6132e215288bb69c') in 0.037083 seconds
  Import took 0.182340 seconds .

========================================================================
Received Prepare
Registering precompiled user dll's ...
Registered in 0.218824 seconds.
Begin MonoManager ReloadAssembly
Native extension for WindowsStandalone target not found
Refreshing native plugins compatible for Editor in 1.53 ms, found 1 plugins.
Preloading 0 native plugins for Editor in 0.00 ms.
Invoked RoslynAnalysisRunner static constructor.
RoslynAnalysisRunner will not be running.
RoslynAnalysisRunner has terminated.
Mono: successfully reloaded assembly
- Completed reload, in  8.679 seconds
Platform modules already initialized, skipping
Refreshing native plugins compatible for Editor in 44.30 ms, found 1 plugins.
Preloading 0 native plugins for Editor in 0.00 ms.
Unloading 1805 Unused Serialized files (Serialized files now loaded: 0)
System memory in use before: 88.0 MB.
System memory in use after: 88.0 MB.

Unloading 12 unused Assets to reduce memory usage. Loaded Objects now: 2287.
Total: 13.489400 ms (FindLiveObjects: 1.434000 ms CreateObjectMapping: 0.427200 ms MarkObjects: 10.261800 ms  DeleteObjects: 1.358800 ms)

========================================================================
Received Prepare
Registering precompiled user dll's ...
Registered in 0.018639 seconds.
Begin MonoManager ReloadAssembly
Native extension for WindowsStandalone target not found
Refreshing native plugins compatible for Editor in 1.96 ms, found 1 plugins.
Preloading 0 native plugins for Editor in 0.00 ms.
Invoked RoslynAnalysisRunner static constructor.
RoslynAnalysisRunner will not be running.
RoslynAnalysisRunner has terminated.
Mono: successfully reloaded assembly
- Completed reload, in  7.954 seconds
Platform modules already initialized, skipping
Refreshing native plugins compatible for Editor in 2.24 ms, found 1 plugins.
Preloading 0 native plugins for Editor in 0.00 ms.
Unloading 1805 Unused Serialized files (Serialized files now loaded: 0)
System memory in use before: 88.1 MB.
System memory in use after: 88.1 MB.

Unloading 12 unused Assets to reduce memory usage. Loaded Objects now: 2291.
Total: 9.161700 ms (FindLiveObjects: 0.576500 ms CreateObjectMapping: 0.341500 ms MarkObjects: 7.710300 ms  DeleteObjects: 0.526600 ms)

========================================================================
Received Import Request.
  Time since last request: 2276.727651 seconds.
  path: Assets/Spawner.cs
  artifactKey: Guid(d88dfc026fe9e3848abb7cfcbe2ddbdd) Importer(815301076,1909f56bfc062723c751e8b465ee728b)
Start importing Assets/Spawner.cs using Guid(d88dfc026fe9e3848abb7cfcbe2ddbdd) Importer(815301076,1909f56bfc062723c751e8b465ee728b)  -> (artifact id: 'fbfd62f42b23b4a1d321cc8a7b7268e1') in 0.256626 seconds
  Import took 0.346458 seconds .

========================================================================
Received Import Request.
  Time since last request: 0.296875 seconds.
  path: Assets/Spawner.cs
  artifactKey: Guid(d88dfc026fe9e3848abb7cfcbe2ddbdd) Importer(815301076,1909f56bfc062723c751e8b465ee728b)
Start importing Assets/Spawner.cs using Guid(d88dfc026fe9e3848abb7cfcbe2ddbdd) Importer(815301076,1909f56bfc062723c751e8b465ee728b)  -> (artifact id: 'fbfd62f42b23b4a1d321cc8a7b7268e1') in 0.785889 seconds
  Import took 0.865754 seconds .

========================================================================
Received Prepare
Registering precompiled user dll's ...
Registered in 0.527501 seconds.
Begin MonoManager ReloadAssembly
Native extension for WindowsStandalone target not found
Refreshing native plugins compatible for Editor in 2.29 ms, found 1 plugins.
Preloading 0 native plugins for Editor in 0.00 ms.
Invoked RoslynAnalysisRunner static constructor.
RoslynAnalysisRunner will not be running.
RoslynAnalysisRunner has terminated.
Mono: successfully reloaded assembly
- Completed reload, in 62.006 seconds
Platform modules already initialized, skipping
Refreshing native plugins compatible for Editor in 3.82 ms, found 1 plugins.
Preloading 0 native plugins for Editor in 0.00 ms.
Unloading 1806 Unused Serialized files (Serialized files now loaded: 0)
System memory in use before: 88.1 MB.
System memory in use after: 88.1 MB.

Unloading 12 unused Assets to reduce memory usage. Loaded Objects now: 2296.
Total: 404.264300 ms (FindLiveObjects: 28.426400 ms CreateObjectMapping: 0.474300 ms MarkObjects: 320.325500 ms  DeleteObjects: 55.030200 ms)

========================================================================
Received Prepare
Registering precompiled user dll's ...
Registered in 0.098741 seconds.
Begin MonoManager ReloadAssembly
Native extension for WindowsStandalone target not found
Refreshing native plugins compatible for Editor in 2.22 ms, found 1 plugins.
Preloading 0 native plugins for Editor in 0.00 ms.
Invoked RoslynAnalysisRunner static constructor.
RoslynAnalysisRunner will not be running.
RoslynAnalysisRunner has terminated.
Mono: successfully reloaded assembly
- Completed reload, in 15.838 seconds
Platform modules already initialized, skipping
Refreshing native plugins compatible for Editor in 1.44 ms, found 1 plugins.
Preloading 0 native plugins for Editor in 0.00 ms.
Unloading 1806 Unused Serialized files (Serialized files now loaded: 0)
System memory in use before: 88.1 MB.
System memory in use after: 88.1 MB.

Unloading 12 unused Assets to reduce memory usage. Loaded Objects now: 2300.
Total: 10.129600 ms (FindLiveObjects: 0.564400 ms CreateObjectMapping: 0.500000 ms MarkObjects: 8.613500 ms  DeleteObjects: 0.445000 ms)

========================================================================
Received Prepare
Registering precompiled user dll's ...
Registered in 0.039597 seconds.
Begin MonoManager ReloadAssembly
Native extension for WindowsStandalone target not found
Refreshing native plugins compatible for Editor in 2.89 ms, found 1 plugins.
Preloading 0 native plugins for Editor in 0.00 ms.
Invoked RoslynAnalysisRunner static constructor.
RoslynAnalysisRunner will not be running.
RoslynAnalysisRunner has terminated.
Mono: successfully reloaded assembly
- Completed reload, in 16.093 seconds
Platform modules already initialized, skipping
Refreshing native plugins compatible for Editor in 3.34 ms, found 1 plugins.
Preloading 0 native plugins for Editor in 0.00 ms.
Unloading 1806 Unused Serialized files (Serialized files now loaded: 0)
System memory in use before: 88.1 MB.
System memory in use after: 88.1 MB.

Unloading 12 unused Assets to reduce memory usage. Loaded Objects now: 2304.
Total: 10.582800 ms (FindLiveObjects: 0.644600 ms CreateObjectMapping: 0.318900 ms MarkObjects: 9.073800 ms  DeleteObjects: 0.538300 ms)

========================================================================
Received Import Request.
  Time since last request: 2113.577194 seconds.
  path: Assets/Prefab/Ballon Blue.prefab
  artifactKey: Guid(b59d0c245050c9142afbc101b83d42fe) Importer(815301076,1909f56bfc062723c751e8b465ee728b)
Start importing Assets/Prefab/Ballon Blue.prefab using Guid(b59d0c245050c9142afbc101b83d42fe) Importer(815301076,1909f56bfc062723c751e8b465ee728b)  -> (artifact id: '4e9ca65116a7fd47a0761a798c19d655') in 2.035422 seconds
  Import took 2.152086 seconds .

========================================================================
Received Prepare
Registering precompiled user dll's ...
Registered in 0.008478 seconds.
Begin MonoManager ReloadAssembly
Native extension for WindowsStandalone target not found
Refreshing native plugins compatible for Editor in 1.76 ms, found 1 plugins.
Preloading 0 native plugins for Editor in 0.00 ms.
Invoked RoslynAnalysisRunner static constructor.
RoslynAnalysisRunner will not be running.
RoslynAnalysisRunner has terminated.
Mono: successfully reloaded assembly
- Completed reload, in  7.073 seconds
Platform modules already initialized, skipping
Refreshing native plugins compatible for Editor in 1.35 ms, found 1 plugins.
Preloading 0 native plugins for Editor in 0.00 ms.
Unloading 1806 Unused Serialized files (Serialized files now loaded: 0)
System memory in use before: 88.1 MB.
System memory in use after: 88.1 MB.

Unloading 12 unused Assets to reduce memory usage. Loaded Objects now: 2309.
Total: 10.971600 ms (FindLiveObjects: 0.690600 ms CreateObjectMapping: 0.367900 ms MarkObjects: 9.424900 ms  DeleteObjects: 0.480400 ms)

========================================================================
Received Prepare
Registering precompiled user dll's ...
Registered in 0.011683 seconds.
Begin MonoManager ReloadAssembly
Native extension for WindowsStandalone target not found
Refreshing native plugins compatible for Editor in 1.37 ms, found 1 plugins.
Preloading 0 native plugins for Editor in 0.00 ms.
Invoked RoslynAnalysisRunner static constructor.
RoslynAnalysisRunner will not be running.
RoslynAnalysisRunner has terminated.
Mono: successfully reloaded assembly
- Completed reload, in 16.906 seconds
Platform modules already initialized, skipping
Refreshing native plugins compatible for Editor in 2.08 ms, found 1 plugins.
Preloading 0 native plugins for Editor in 0.00 ms.
Unloading 1806 Unused Serialized files (Serialized files now loaded: 0)
System memory in use before: 88.1 MB.
System memory in use after: 88.1 MB.

Unloading 12 unused Assets to reduce memory usage. Loaded Objects now: 2313.
Total: 10.225100 ms (FindLiveObjects: 0.618300 ms CreateObjectMapping: 0.378000 ms MarkObjects: 8.615400 ms  DeleteObjects: 0.604200 ms)

========================================================================
Received Import Request.
  Time since last request: 457.057978 seconds.
  path: Assets/Prefab/Ballon Blue.prefab
  artifactKey: Guid(b59d0c245050c9142afbc101b83d42fe) Importer(815301076,1909f56bfc062723c751e8b465ee728b)
Start importing Assets/Prefab/Ballon Blue.prefab using Guid(b59d0c245050c9142afbc101b83d42fe) Importer(815301076,1909f56bfc062723c751e8b465ee728b)  -> (artifact id: 'b746aa914d6feb8937a4d77ceca84e03') in 1.247110 seconds
  Import took 5.854706 seconds .

========================================================================
Received Prepare
Registering precompiled user dll's ...
Registered in 0.014981 seconds.
Begin MonoManager ReloadAssembly
Native extension for WindowsStandalone target not found
Refreshing native plugins compatible for Editor in 2.32 ms, found 1 plugins.
Preloading 0 native plugins for Editor in 0.00 ms.
Invoked RoslynAnalysisRunner static constructor.
RoslynAnalysisRunner will not be running.
RoslynAnalysisRunner has terminated.
Mono: successfully reloaded assembly
- Completed reload, in 23.147 seconds
Platform modules already initialized, skipping
Refreshing native plugins compatible for Editor in 3.44 ms, found 1 plugins.
Preloading 0 native plugins for Editor in 0.00 ms.
Unloading 1806 Unused Serialized files (Serialized files now loaded: 0)
System memory in use before: 88.2 MB.
System memory in use after: 88.2 MB.

Unloading 12 unused Assets to reduce memory usage. Loaded Objects now: 2318.
Total: 13.042500 ms (FindLiveObjects: 0.818200 ms CreateObjectMapping: 0.349200 ms MarkObjects: 11.236900 ms  DeleteObjects: 0.630200 ms)

========================================================================
Received Import Request.
  Time since last request: 123.841993 seconds.
  path: Assets/Prefab/Ballon Red.prefab
  artifactKey: Guid(23c9873cd8984db4da4501084c0219a7) Importer(815301076,1909f56bfc062723c751e8b465ee728b)
Start importing Assets/Prefab/Ballon Red.prefab using Guid(23c9873cd8984db4da4501084c0219a7) Importer(815301076,1909f56bfc062723c751e8b465ee728b)  -> (artifact id: 'd6680e8a6d468c6f8cfd293d14e48af8') in 1.506881 seconds
  Import took 1.542366 seconds .

========================================================================
Received Import Request.
  Time since last request: 0.001384 seconds.
  path: Assets/Prefab/Ballon Blue.prefab
  artifactKey: Guid(b59d0c245050c9142afbc101b83d42fe) Importer(815301076,1909f56bfc062723c751e8b465ee728b)
Start importing Assets/Prefab/Ballon Blue.prefab using Guid(b59d0c245050c9142afbc101b83d42fe) Importer(815301076,1909f56bfc062723c751e8b465ee728b)  -> (artifact id: '89511306762b2d3fcef896bc4b4a981e') in 0.427891 seconds
  Import took 0.516240 seconds .

========================================================================
Received Import Request.
  Time since last request: 0.001110 seconds.
  path: Assets/Prefab/Ballon Green.prefab
  artifactKey: Guid(c03973e1bcbfd58449077a55c2ba3aff) Importer(815301076,1909f56bfc062723c751e8b465ee728b)
Start importing Assets/Prefab/Ballon Green.prefab using Guid(c03973e1bcbfd58449077a55c2ba3aff) Importer(815301076,1909f56bfc062723c751e8b465ee728b)  -> (artifact id: '626914379d9790a1892ca3242d3c0bb8') in 0.538325 seconds
  Import took 0.569010 seconds .

========================================================================
Received Import Request.
  Time since last request: 6.811325 seconds.
  path: Assets/Prefab/Ballon Yell.prefab
  artifactKey: Guid(f145ad05570998049a6e7e0fe473b5a8) Importer(815301076,1909f56bfc062723c751e8b465ee728b)
Start importing Assets/Prefab/Ballon Yell.prefab using Guid(f145ad05570998049a6e7e0fe473b5a8) Importer(815301076,1909f56bfc062723c751e8b465ee728b)  -> (artifact id: 'c69ca2809e9d1a396c01549380758bd9') in 0.552826 seconds
  Import took 0.635715 seconds .

========================================================================
Received Import Request.
  Time since last request: 3.589610 seconds.
  path: Assets/Prefab/Ballon Yell.prefab
  artifactKey: Guid(f145ad05570998049a6e7e0fe473b5a8) Importer(815301076,1909f56bfc062723c751e8b465ee728b)
Start importing Assets/Prefab/Ballon Yell.prefab using Guid(f145ad05570998049a6e7e0fe473b5a8) Importer(815301076,1909f56bfc062723c751e8b465ee728b)  -> (artifact id: '6e7e491bf841d5df2c6d4e0461ebd254') in 0.172090 seconds
  Import took 0.242992 seconds .

========================================================================
Received Prepare
Registering precompiled user dll's ...
Registered in 0.173910 seconds.
Begin MonoManager ReloadAssembly
Native extension for WindowsStandalone target not found
Refreshing native plugins compatible for Editor in 3.88 ms, found 1 plugins.
Preloading 0 native plugins for Editor in 0.00 ms.
Invoked RoslynAnalysisRunner static constructor.
RoslynAnalysisRunner will not be running.
RoslynAnalysisRunner has terminated.
Mono: successfully reloaded assembly
- Completed reload, in 51.025 seconds
Platform modules already initialized, skipping
Refreshing native plugins compatible for Editor in 2.65 ms, found 1 plugins.
Preloading 0 native plugins for Editor in 0.00 ms.
Unloading 1806 Unused Serialized files (Serialized files now loaded: 0)
System memory in use before: 88.2 MB.
System memory in use after: 88.2 MB.

Unloading 12 unused Assets to reduce memory usage. Loaded Objects now: 2323.
Total: 31.363000 ms (FindLiveObjects: 0.758300 ms CreateObjectMapping: 0.389200 ms MarkObjects: 29.759600 ms  DeleteObjects: 0.448700 ms)

========================================================================
Received Import Request.
  Time since last request: 230.544448 seconds.
  path: Assets/Prefab/Ballon Blue.prefab
  artifactKey: Guid(b59d0c245050c9142afbc101b83d42fe) Importer(815301076,1909f56bfc062723c751e8b465ee728b)
Start importing Assets/Prefab/Ballon Blue.prefab using Guid(b59d0c245050c9142afbc101b83d42fe) Importer(815301076,1909f56bfc062723c751e8b465ee728b)  -> (artifact id: '26edd396d88a6d31e556e93dad3ef6f1') in 1.244520 seconds
  Import took 1.315500 seconds .

========================================================================
Received Import Request.
  Time since last request: 0.188250 seconds.
  path: Assets/Prefab/Ballon Red.prefab
  artifactKey: Guid(23c9873cd8984db4da4501084c0219a7) Importer(815301076,1909f56bfc062723c751e8b465ee728b)
Start importing Assets/Prefab/Ballon Red.prefab using Guid(23c9873cd8984db4da4501084c0219a7) Importer(815301076,1909f56bfc062723c751e8b465ee728b)  -> (artifact id: '2e5ec892b689834ea9fb1bdf59df9c82') in 0.954613 seconds
  Import took 0.981906 seconds .

========================================================================
Received Import Request.
  Time since last request: 0.202332 seconds.
  path: Assets/Prefab/Ballon Yell.prefab
  artifactKey: Guid(f145ad05570998049a6e7e0fe473b5a8) Importer(815301076,1909f56bfc062723c751e8b465ee728b)
Start importing Assets/Prefab/Ballon Yell.prefab using Guid(f145ad05570998049a6e7e0fe473b5a8) Importer(815301076,1909f56bfc062723c751e8b465ee728b)  -> (artifact id: '0e55e4e5dced3dba00c08883c29677c5') in 0.205306 seconds
  Import took 1.873340 seconds .

========================================================================
Received Import Request.
  Time since last request: 0.004867 seconds.
  path: Assets/Prefab/Ballon Green.prefab
  artifactKey: Guid(c03973e1bcbfd58449077a55c2ba3aff) Importer(815301076,1909f56bfc062723c751e8b465ee728b)
Start importing Assets/Prefab/Ballon Green.prefab using Guid(c03973e1bcbfd58449077a55c2ba3aff) Importer(815301076,1909f56bfc062723c751e8b465ee728b)  -> (artifact id: '9a914fd2bf50455fd32c2ed46b17c9bd') in 0.390089 seconds
  Import took 0.468741 seconds .

========================================================================
Received Prepare
Registering precompiled user dll's ...
Registered in 0.009519 seconds.
Begin MonoManager ReloadAssembly
Native extension for WindowsStandalone target not found
Refreshing native plugins compatible for Editor in 2.03 ms, found 1 plugins.
Preloading 0 native plugins for Editor in 0.00 ms.
Invoked RoslynAnalysisRunner static constructor.
RoslynAnalysisRunner will not be running.
RoslynAnalysisRunner has terminated.
Mono: successfully reloaded assembly
- Completed reload, in  8.686 seconds
Platform modules already initialized, skipping
Refreshing native plugins compatible for Editor in 1.25 ms, found 1 plugins.
Preloading 0 native plugins for Editor in 0.00 ms.
Unloading 1806 Unused Serialized files (Serialized files now loaded: 0)
System memory in use before: 88.2 MB.
System memory in use after: 88.2 MB.

Unloading 12 unused Assets to reduce memory usage. Loaded Objects now: 2328.
Total: 13.671400 ms (FindLiveObjects: 0.567100 ms CreateObjectMapping: 0.401100 ms MarkObjects: 12.216900 ms  DeleteObjects: 0.479400 ms)

========================================================================
Received Prepare
Registering precompiled user dll's ...
Registered in 0.142967 seconds.
Begin MonoManager ReloadAssembly
Native extension for WindowsStandalone target not found
Refreshing native plugins compatible for Editor in 1.24 ms, found 1 plugins.
Preloading 0 native plugins for Editor in 0.00 ms.
Invoked RoslynAnalysisRunner static constructor.
RoslynAnalysisRunner will not be running.
RoslynAnalysisRunner has terminated.
Mono: successfully reloaded assembly
- Completed reload, in  6.156 seconds
Platform modules already initialized, skipping
Refreshing native plugins compatible for Editor in 4.12 ms, found 1 plugins.
Preloading 0 native plugins for Editor in 0.00 ms.
Unloading 1806 Unused Serialized files (Serialized files now loaded: 0)
System memory in use before: 88.2 MB.
System memory in use after: 88.2 MB.

Unloading 12 unused Assets to reduce memory usage. Loaded Objects now: 2332.
Total: 11.043100 ms (FindLiveObjects: 0.555900 ms CreateObjectMapping: 0.384900 ms MarkObjects: 9.621800 ms  DeleteObjects: 0.473600 ms)

========================================================================
Received Import Request.
  Time since last request: 197.994371 seconds.
  path: Assets/Prefab/Ballon Blue.prefab
  artifactKey: Guid(b59d0c245050c9142afbc101b83d42fe) Importer(815301076,1909f56bfc062723c751e8b465ee728b)
Start importing Assets/Prefab/Ballon Blue.prefab using Guid(b59d0c245050c9142afbc101b83d42fe) Importer(815301076,1909f56bfc062723c751e8b465ee728b)  -> (artifact id: 'afbb2b35c1f6f750baaf1a5fd12ab464') in 3.991915 seconds
  Import took 4.232666 seconds .

========================================================================
Received Import Request.
  Time since last request: 0.002427 seconds.
  path: Assets/Prefab/Ballon Red.prefab
  artifactKey: Guid(23c9873cd8984db4da4501084c0219a7) Importer(815301076,1909f56bfc062723c751e8b465ee728b)
Start importing Assets/Prefab/Ballon Red.prefab using Guid(23c9873cd8984db4da4501084c0219a7) Importer(815301076,1909f56bfc062723c751e8b465ee728b)  -> (artifact id: '2374ca1b56d65b4639ce0940a85865d6') in 16.721232 seconds
  Import took 16.853466 seconds .

========================================================================
Received Import Request.
  Time since last request: 0.001259 seconds.
  path: Assets/Prefab/Ballon Yell.prefab
  artifactKey: Guid(f145ad05570998049a6e7e0fe473b5a8) Importer(815301076,1909f56bfc062723c751e8b465ee728b)
Start importing Assets/Prefab/Ballon Yell.prefab using Guid(f145ad05570998049a6e7e0fe473b5a8) Importer(815301076,1909f56bfc062723c751e8b465ee728b)  -> (artifact id: '3242b472e8fda1bfa250104be72e5e55') in 6.736145 seconds
  Import took 13.822008 seconds .

========================================================================
Received Import Request.
  Time since last request: 4.747445 seconds.
  path: Assets/Prefab/Ballon Green.prefab
  artifactKey: Guid(c03973e1bcbfd58449077a55c2ba3aff) Importer(815301076,1909f56bfc062723c751e8b465ee728b)
Start importing Assets/Prefab/Ballon Green.prefab using Guid(c03973e1bcbfd58449077a55c2ba3aff) Importer(815301076,1909f56bfc062723c751e8b465ee728b)  -> (artifact id: '0e35279fc496944cb3e0e83a68d95665') in 5.700990 seconds
  Import took 5.715766 seconds .

========================================================================
Received Prepare
Registering precompiled user dll's ...
Registered in 0.589435 seconds.
Begin MonoManager ReloadAssembly
Native extension for WindowsStandalone target not found
Refreshing native plugins compatible for Editor in 3.77 ms, found 1 plugins.
Preloading 0 native plugins for Editor in 0.00 ms.
Invoked RoslynAnalysisRunner static constructor.
RoslynAnalysisRunner will not be running.
RoslynAnalysisRunner has terminated.
Mono: successfully reloaded assembly
- Completed reload, in 39.897 seconds
Platform modules already initialized, skipping
Refreshing native plugins compatible for Editor in 1.33 ms, found 1 plugins.
Preloading 0 native plugins for Editor in 0.00 ms.
Unloading 1806 Unused Serialized files (Serialized files now loaded: 0)
System memory in use before: 88.2 MB.
System memory in use after: 88.2 MB.

Unloading 12 unused Assets to reduce memory usage. Loaded Objects now: 2337.
Total: 8.906200 ms (FindLiveObjects: 0.639600 ms CreateObjectMapping: 0.332700 ms MarkObjects: 7.475400 ms  DeleteObjects: 0.451600 ms)

========================================================================
Received Import Request.
  Time since last request: 561.389288 seconds.
  path: Assets/Prefab/Ballon Red.prefab
  artifactKey: Guid(23c9873cd8984db4da4501084c0219a7) Importer(815301076,1909f56bfc062723c751e8b465ee728b)
Start importing Assets/Prefab/Ballon Red.prefab using Guid(23c9873cd8984db4da4501084c0219a7) Importer(815301076,1909f56bfc062723c751e8b465ee728b)  -> (artifact id: 'eae1303b1c25ffa9e0ef96ee224ceacf') in 0.484353 seconds
  Import took 0.531897 seconds .

========================================================================
Received Import Request.
  Time since last request: 0.001208 seconds.
  path: Assets/Prefab/Ballon Blue.prefab
  artifactKey: Guid(b59d0c245050c9142afbc101b83d42fe) Importer(815301076,1909f56bfc062723c751e8b465ee728b)
Start importing Assets/Prefab/Ballon Blue.prefab using Guid(b59d0c245050c9142afbc101b83d42fe) Importer(815301076,1909f56bfc062723c751e8b465ee728b)  -> (artifact id: '22959e8dc6e2fa00b30467b5b903ed6a') in 0.245148 seconds
  Import took 0.278703 seconds .

========================================================================
Received Import Request.
  Time since last request: 0.001208 seconds.
  path: Assets/Prefab/Ballon Yell.prefab
  artifactKey: Guid(f145ad05570998049a6e7e0fe473b5a8) Importer(815301076,1909f56bfc062723c751e8b465ee728b)
Start importing Assets/Prefab/Ballon Yell.prefab using Guid(f145ad05570998049a6e7e0fe473b5a8) Importer(815301076,1909f56bfc062723c751e8b465ee728b)  -> (artifact id: 'c828d919a54fbb01efc9740ee12de7cf') in 0.260267 seconds
  Import took 0.300065 seconds .

========================================================================
Received Import Request.
  Time since last request: 0.000776 seconds.
  path: Assets/Prefab/Ballon Green.prefab
  artifactKey: Guid(c03973e1bcbfd58449077a55c2ba3aff) Importer(815301076,1909f56bfc062723c751e8b465ee728b)
Start importing Assets/Prefab/Ballon Green.prefab using Guid(c03973e1bcbfd58449077a55c2ba3aff) Importer(815301076,1909f56bfc062723c751e8b465ee728b)  -> (artifact id: '45888052392879021853f75bb50a52cb') in 0.308144 seconds
  Import took 0.336212 seconds .

========================================================================
Received Prepare
Registering precompiled user dll's ...
Registered in 0.147997 seconds.
Begin MonoManager ReloadAssembly
Native extension for WindowsStandalone target not found
Refreshing native plugins compatible for Editor in 2.61 ms, found 1 plugins.
Preloading 0 native plugins for Editor in 0.00 ms.
Invoked RoslynAnalysisRunner static constructor.
RoslynAnalysisRunner will not be running.
RoslynAnalysisRunner has terminated.
Mono: successfully reloaded assembly
- Completed reload, in  8.489 seconds
Platform modules already initialized, skipping
Refreshing native plugins compatible for Editor in 1.24 ms, found 1 plugins.
Preloading 0 native plugins for Editor in 0.00 ms.
Unloading 1806 Unused Serialized files (Serialized files now loaded: 0)
System memory in use before: 88.2 MB.
System memory in use after: 88.2 MB.

Unloading 12 unused Assets to reduce memory usage. Loaded Objects now: 2342.
Total: 12.632400 ms (FindLiveObjects: 0.554000 ms CreateObjectMapping: 0.333100 ms MarkObjects: 11.295500 ms  DeleteObjects: 0.442400 ms)

========================================================================
Received Import Request.
  Time since last request: 134.004716 seconds.
  path: Assets/Prefab/Ballon Red.prefab
  artifactKey: Guid(23c9873cd8984db4da4501084c0219a7) Importer(815301076,1909f56bfc062723c751e8b465ee728b)
Start importing Assets/Prefab/Ballon Red.prefab using Guid(23c9873cd8984db4da4501084c0219a7) Importer(815301076,1909f56bfc062723c751e8b465ee728b)  -> (artifact id: '2804f083b214b1ac3fbf505d9b6f74b4') in 0.509628 seconds
  Import took 0.547498 seconds .

========================================================================
Received Import Request.
  Time since last request: 0.001475 seconds.
  path: Assets/Prefab/Ballon Blue.prefab
  artifactKey: Guid(b59d0c245050c9142afbc101b83d42fe) Importer(815301076,1909f56bfc062723c751e8b465ee728b)
Start importing Assets/Prefab/Ballon Blue.prefab using Guid(b59d0c245050c9142afbc101b83d42fe) Importer(815301076,1909f56bfc062723c751e8b465ee728b)  -> (artifact id: '8899d558307d833edab0244a089e1bdf') in 0.188403 seconds
  Import took 0.217535 seconds .

========================================================================
Received Import Request.
  Time since last request: 0.000359 seconds.
  path: Assets/Prefab/Ballon Yell.prefab
  artifactKey: Guid(f145ad05570998049a6e7e0fe473b5a8) Importer(815301076,1909f56bfc062723c751e8b465ee728b)
Start importing Assets/Prefab/Ballon Yell.prefab using Guid(f145ad05570998049a6e7e0fe473b5a8) Importer(815301076,1909f56bfc062723c751e8b465ee728b)  -> (artifact id: 'd66c7d8101e80e21072633ed5c41fa4a') in 0.162924 seconds
  Import took 0.177155 seconds .

========================================================================
Received Import Request.
  Time since last request: 0.001334 seconds.
  path: Assets/Prefab/Ballon Green.prefab
  artifactKey: Guid(c03973e1bcbfd58449077a55c2ba3aff) Importer(815301076,1909f56bfc062723c751e8b465ee728b)
Start importing Assets/Prefab/Ballon Green.prefab using Guid(c03973e1bcbfd58449077a55c2ba3aff) Importer(815301076,1909f56bfc062723c751e8b465ee728b)  -> (artifact id: 'a21e90878ecf3b7886f04138be998612') in 0.203991 seconds
  Import took 0.348553 seconds .

========================================================================
Received Prepare
Registering precompiled user dll's ...
Registered in 0.018975 seconds.
Begin MonoManager ReloadAssembly
Native extension for WindowsStandalone target not found
Refreshing native plugins compatible for Editor in 1.45 ms, found 1 plugins.
Preloading 0 native plugins for Editor in 0.00 ms.
Invoked RoslynAnalysisRunner static constructor.
RoslynAnalysisRunner will not be running.
RoslynAnalysisRunner has terminated.
Mono: successfully reloaded assembly
- Completed reload, in  7.965 seconds
Platform modules already initialized, skipping
Refreshing native plugins compatible for Editor in 2.17 ms, found 1 plugins.
Preloading 0 native plugins for Editor in 0.00 ms.
Unloading 1806 Unused Serialized files (Serialized files now loaded: 0)
System memory in use before: 88.2 MB.
System memory in use after: 88.2 MB.

Unloading 12 unused Assets to reduce memory usage. Loaded Objects now: 2347.
Total: 8.789700 ms (FindLiveObjects: 0.697300 ms CreateObjectMapping: 0.347800 ms MarkObjects: 7.093600 ms  DeleteObjects: 0.643600 ms)

========================================================================
Received Prepare
Registering precompiled user dll's ...
Registered in 0.009274 seconds.
Begin MonoManager ReloadAssembly
Native extension for WindowsStandalone target not found
Refreshing native plugins compatible for Editor in 1.98 ms, found 1 plugins.
Preloading 0 native plugins for Editor in 0.00 ms.
Invoked RoslynAnalysisRunner static constructor.
RoslynAnalysisRunner will not be running.
RoslynAnalysisRunner has terminated.
Mono: successfully reloaded assembly
- Completed reload, in 134.479 seconds
Platform modules already initialized, skipping
Refreshing native plugins compatible for Editor in 1.69 ms, found 1 plugins.
Preloading 0 native plugins for Editor in 0.00 ms.
Unloading 1806 Unused Serialized files (Serialized files now loaded: 0)
System memory in use before: 88.2 MB.
System memory in use after: 88.2 MB.

Unloading 12 unused Assets to reduce memory usage. Loaded Objects now: 2351.
Total: 11.010400 ms (FindLiveObjects: 0.757300 ms CreateObjectMapping: 0.377000 ms MarkObjects: 9.323700 ms  DeleteObjects: 0.544900 ms)

========================================================================
Received Prepare
Registering precompiled user dll's ...
Registered in 0.041654 seconds.
Begin MonoManager ReloadAssembly
Native extension for WindowsStandalone target not found
Refreshing native plugins compatible for Editor in 1.49 ms, found 1 plugins.
Preloading 0 native plugins for Editor in 0.00 ms.
Invoked RoslynAnalysisRunner static constructor.
RoslynAnalysisRunner will not be running.
RoslynAnalysisRunner has terminated.
Mono: successfully reloaded assembly
- Completed reload, in  9.691 seconds
Platform modules already initialized, skipping
Refreshing native plugins compatible for Editor in 1.77 ms, found 1 plugins.
Preloading 0 native plugins for Editor in 0.00 ms.
Unloading 1806 Unused Serialized files (Serialized files now loaded: 0)
System memory in use before: 88.3 MB.
System memory in use after: 88.2 MB.

Unloading 12 unused Assets to reduce memory usage. Loaded Objects now: 2355.
Total: 12.420500 ms (FindLiveObjects: 0.553600 ms CreateObjectMapping: 0.327400 ms MarkObjects: 10.883200 ms  DeleteObjects: 0.649900 ms)

========================================================================
Received Import Request.
  Time since last request: 2531.775764 seconds.
  path: Assets/Prefab/laser.prefab
  artifactKey: Guid(d530bbed0abc7bd4e9574f61f35a2f90) Importer(815301076,1909f56bfc062723c751e8b465ee728b)
Start importing Assets/Prefab/laser.prefab using Guid(d530bbed0abc7bd4e9574f61f35a2f90) Importer(815301076,1909f56bfc062723c751e8b465ee728b)  -> (artifact id: '1ab366a86d6fff4df497ca540c5eb4f9') in 1.428399 seconds
  Import took 1.547921 seconds .

========================================================================
Received Prepare
Registering precompiled user dll's ...
Registered in 0.053775 seconds.
Begin MonoManager ReloadAssembly
Native extension for WindowsStandalone target not found
Refreshing native plugins compatible for Editor in 1.25 ms, found 1 plugins.
Preloading 0 native plugins for Editor in 0.00 ms.
Invoked RoslynAnalysisRunner static constructor.
RoslynAnalysisRunner will not be running.
RoslynAnalysisRunner has terminated.
Mono: successfully reloaded assembly
- Completed reload, in  6.013 seconds
Platform modules already initialized, skipping
Refreshing native plugins compatible for Editor in 1.96 ms, found 1 plugins.
Preloading 0 native plugins for Editor in 0.00 ms.
Unloading 1806 Unused Serialized files (Serialized files now loaded: 0)
System memory in use before: 88.3 MB.
System memory in use after: 88.3 MB.

Unloading 12 unused Assets to reduce memory usage. Loaded Objects now: 2360.
Total: 11.798100 ms (FindLiveObjects: 0.578900 ms CreateObjectMapping: 0.311200 ms MarkObjects: 10.187700 ms  DeleteObjects: 0.713800 ms)

========================================================================
Received Import Request.
  Time since last request: 568.371645 seconds.
  path: Assets/Prefab/Ballon Blue.prefab
  artifactKey: Guid(b59d0c245050c9142afbc101b83d42fe) Importer(815301076,1909f56bfc062723c751e8b465ee728b)
Start importing Assets/Prefab/Ballon Blue.prefab using Guid(b59d0c245050c9142afbc101b83d42fe) Importer(815301076,1909f56bfc062723c751e8b465ee728b)  -> (artifact id: '726434e60e448b5b065e7b38a4c04486') in 4.765646 seconds
  Import took 4.800611 seconds .

========================================================================
Received Prepare
Registering precompiled user dll's ...
Registered in 0.010812 seconds.
Begin MonoManager ReloadAssembly
Native extension for WindowsStandalone target not found
Refreshing native plugins compatible for Editor in 1.22 ms, found 1 plugins.
Preloading 0 native plugins for Editor in 0.00 ms.
Invoked RoslynAnalysisRunner static constructor.
RoslynAnalysisRunner will not be running.
RoslynAnalysisRunner has terminated.
Mono: successfully reloaded assembly
- Completed reload, in 14.078 seconds
Platform modules already initialized, skipping
Refreshing native plugins compatible for Editor in 4.84 ms, found 1 plugins.
Preloading 0 native plugins for Editor in 0.00 ms.
Unloading 1806 Unused Serialized files (Serialized files now loaded: 0)
System memory in use before: 88.3 MB.
System memory in use after: 88.3 MB.

Unloading 12 unused Assets to reduce memory usage. Loaded Objects now: 2365.
Total: 18.278500 ms (FindLiveObjects: 0.690500 ms CreateObjectMapping: 2.389800 ms MarkObjects: 14.313800 ms  DeleteObjects: 0.876100 ms)

========================================================================
Received Import Request.
  Time since last request: 382.071998 seconds.
  path: Assets/Prefab/laser.prefab
  artifactKey: Guid(d530bbed0abc7bd4e9574f61f35a2f90) Importer(815301076,1909f56bfc062723c751e8b465ee728b)
Start importing Assets/Prefab/laser.prefab using Guid(d530bbed0abc7bd4e9574f61f35a2f90) Importer(815301076,1909f56bfc062723c751e8b465ee728b)  -> (artifact id: 'f18c83152ee14ecce583b3726b993d16') in 1.005657 seconds
  Import took 1.075980 seconds .

========================================================================
Received Import Request.
  Time since last request: 179.047766 seconds.
  path: Assets/Prefab/Ballon Blue.prefab
  artifactKey: Guid(b59d0c245050c9142afbc101b83d42fe) Importer(815301076,1909f56bfc062723c751e8b465ee728b)
Start importing Assets/Prefab/Ballon Blue.prefab using Guid(b59d0c245050c9142afbc101b83d42fe) Importer(815301076,1909f56bfc062723c751e8b465ee728b)  -> (artifact id: '70f78546fcab5eb7827645c66b343db9') in 2.430314 seconds
  Import took 2.475392 seconds .

========================================================================
Received Import Request.
  Time since last request: 157.890886 seconds.
  path: Assets/Prefab/Ballon Blue.prefab
  artifactKey: Guid(b59d0c245050c9142afbc101b83d42fe) Importer(815301076,1909f56bfc062723c751e8b465ee728b)
Start importing Assets/Prefab/Ballon Blue.prefab using Guid(b59d0c245050c9142afbc101b83d42fe) Importer(815301076,1909f56bfc062723c751e8b465ee728b)  -> (artifact id: '2b0179a2c26cec9e1157c88e19f49449') in 0.300993 seconds
  Import took 0.357484 seconds .

========================================================================
Received Import Request.
  Time since last request: 4.179561 seconds.
  path: Assets/Prefab/Ballon Blue.prefab
  artifactKey: Guid(b59d0c245050c9142afbc101b83d42fe) Importer(815301076,1909f56bfc062723c751e8b465ee728b)
Start importing Assets/Prefab/Ballon Blue.prefab using Guid(b59d0c245050c9142afbc101b83d42fe) Importer(815301076,1909f56bfc062723c751e8b465ee728b)  -> (artifact id: 'f5400f17610ca6c1fcf18a9009a73bca') in 0.306837 seconds
  Import took 0.363748 seconds .

========================================================================
Received Import Request.
  Time since last request: 3.936282 seconds.
  path: Assets/Prefab/Ballon Blue.prefab
  artifactKey: Guid(b59d0c245050c9142afbc101b83d42fe) Importer(815301076,1909f56bfc062723c751e8b465ee728b)
Start importing Assets/Prefab/Ballon Blue.prefab using Guid(b59d0c245050c9142afbc101b83d42fe) Importer(815301076,1909f56bfc062723c751e8b465ee728b)  -> (artifact id: 'fad0f2651470bd58258578fd91836fbb') in 0.165838 seconds
  Import took 0.213215 seconds .

========================================================================
Received Import Request.
  Time since last request: 10.702202 seconds.
  path: Assets/Prefab/Ballon Blue.prefab
  artifactKey: Guid(b59d0c245050c9142afbc101b83d42fe) Importer(815301076,1909f56bfc062723c751e8b465ee728b)
Start importing Assets/Prefab/Ballon Blue.prefab using Guid(b59d0c245050c9142afbc101b83d42fe) Importer(815301076,1909f56bfc062723c751e8b465ee728b)  -> (artifact id: '750249997864c056c791fd17728d6fef') in 0.191767 seconds
  Import took 0.351243 seconds .

========================================================================
Received Import Request.
  Time since last request: 31.056642 seconds.
  path: Assets/Prefab/Ballon Green.prefab
  artifactKey: Guid(c03973e1bcbfd58449077a55c2ba3aff) Importer(815301076,1909f56bfc062723c751e8b465ee728b)
Start importing Assets/Prefab/Ballon Green.prefab using Guid(c03973e1bcbfd58449077a55c2ba3aff) Importer(815301076,1909f56bfc062723c751e8b465ee728b)  -> (artifact id: '93773d3a31ac9b024e66577c231c526c') in 0.571579 seconds
  Import took 0.623985 seconds .

========================================================================
Received Import Request.
  Time since last request: 95.053240 seconds.
  path: Assets/Prefab/Ballon Green.prefab
  artifactKey: Guid(c03973e1bcbfd58449077a55c2ba3aff) Importer(815301076,1909f56bfc062723c751e8b465ee728b)
Start importing Assets/Prefab/Ballon Green.prefab using Guid(c03973e1bcbfd58449077a55c2ba3aff) Importer(815301076,1909f56bfc062723c751e8b465ee728b)  -> (artifact id: '719a9206697c4bfcd01cc205bc7a02db') in 0.324896 seconds
  Import took 0.393011 seconds .

========================================================================
Received Import Request.
  Time since last request: 5.160421 seconds.
  path: Assets/Prefab/Ballon Green.prefab
  artifactKey: Guid(c03973e1bcbfd58449077a55c2ba3aff) Importer(815301076,1909f56bfc062723c751e8b465ee728b)
Start importing Assets/Prefab/Ballon Green.prefab using Guid(c03973e1bcbfd58449077a55c2ba3aff) Importer(815301076,1909f56bfc062723c751e8b465ee728b)  -> (artifact id: '6ddcbb462d8a359999a622e1e01fb0f1') in 0.280396 seconds
  Import took 0.322889 seconds .

========================================================================
Received Import Request.
  Time since last request: 6.569949 seconds.
  path: Assets/Prefab/Ballon Green.prefab
  artifactKey: Guid(c03973e1bcbfd58449077a55c2ba3aff) Importer(815301076,1909f56bfc062723c751e8b465ee728b)
Start importing Assets/Prefab/Ballon Green.prefab using Guid(c03973e1bcbfd58449077a55c2ba3aff) Importer(815301076,1909f56bfc062723c751e8b465ee728b)  -> (artifact id: 'b9a773499dc82b43558a7d21476c7967') in 0.162175 seconds
  Import took 0.196305 seconds .

========================================================================
Received Import Request.
  Time since last request: 27.371561 seconds.
  path: Assets/Prefab/Ballon Red.prefab
  artifactKey: Guid(23c9873cd8984db4da4501084c0219a7) Importer(815301076,1909f56bfc062723c751e8b465ee728b)
Start importing Assets/Prefab/Ballon Red.prefab using Guid(23c9873cd8984db4da4501084c0219a7) Importer(815301076,1909f56bfc062723c751e8b465ee728b)  -> (artifact id: 'fdc462f8e5f555c513fc5bc50549cb13') in 0.549899 seconds
  Import took 0.632532 seconds .

========================================================================
Received Import Request.
  Time since last request: 105.513398 seconds.
  path: Assets/Prefab/Ballon Red.prefab
  artifactKey: Guid(23c9873cd8984db4da4501084c0219a7) Importer(815301076,1909f56bfc062723c751e8b465ee728b)
Start importing Assets/Prefab/Ballon Red.prefab using Guid(23c9873cd8984db4da4501084c0219a7) Importer(815301076,1909f56bfc062723c751e8b465ee728b)  -> (artifact id: 'bd76e94ebdc65dabf969ae2cdf2dfda0') in 0.183207 seconds
  Import took 0.594366 seconds .

========================================================================
Received Import Request.
  Time since last request: 3.697968 seconds.
  path: Assets/Prefab/Ballon Red.prefab
  artifactKey: Guid(23c9873cd8984db4da4501084c0219a7) Importer(815301076,1909f56bfc062723c751e8b465ee728b)
Start importing Assets/Prefab/Ballon Red.prefab using Guid(23c9873cd8984db4da4501084c0219a7) Importer(815301076,1909f56bfc062723c751e8b465ee728b)  -> (artifact id: 'bfc4acbcd7eeba2c519ba4658c129588') in 0.186886 seconds
  Import took 0.237899 seconds .

========================================================================
Received Import Request.
  Time since last request: 7.225642 seconds.
  path: Assets/Prefab/Ballon Red.prefab
  artifactKey: Guid(23c9873cd8984db4da4501084c0219a7) Importer(815301076,1909f56bfc062723c751e8b465ee728b)
Start importing Assets/Prefab/Ballon Red.prefab using Guid(23c9873cd8984db4da4501084c0219a7) Importer(815301076,1909f56bfc062723c751e8b465ee728b)  -> (artifact id: '8bb6f938c25f23e06238af072dc067c5') in 0.198750 seconds
  Import took 0.293115 seconds .

========================================================================
Received Import Request.
  Time since last request: 25.240612 seconds.
  path: Assets/Prefab/Ballon Yell.prefab
  artifactKey: Guid(f145ad05570998049a6e7e0fe473b5a8) Importer(815301076,1909f56bfc062723c751e8b465ee728b)
Start importing Assets/Prefab/Ballon Yell.prefab using Guid(f145ad05570998049a6e7e0fe473b5a8) Importer(815301076,1909f56bfc062723c751e8b465ee728b)  -> (artifact id: '16626bada081d45351df3d1ad39c0f95') in 0.787570 seconds
  Import took 1.006727 seconds .

========================================================================
Received Import Request.
  Time since last request: 83.352613 seconds.
  path: Assets/Prefab/Ballon Yell.prefab
  artifactKey: Guid(f145ad05570998049a6e7e0fe473b5a8) Importer(815301076,1909f56bfc062723c751e8b465ee728b)
Start importing Assets/Prefab/Ballon Yell.prefab using Guid(f145ad05570998049a6e7e0fe473b5a8) Importer(815301076,1909f56bfc062723c751e8b465ee728b)  -> (artifact id: '9f35ef40fa8224793e93ccd01b6bd9f5') in 0.272837 seconds
  Import took 0.361681 seconds .

========================================================================
Received Import Request.
  Time since last request: 5.261156 seconds.
  path: Assets/Prefab/Ballon Yell.prefab
  artifactKey: Guid(f145ad05570998049a6e7e0fe473b5a8) Importer(815301076,1909f56bfc062723c751e8b465ee728b)
Start importing Assets/Prefab/Ballon Yell.prefab using Guid(f145ad05570998049a6e7e0fe473b5a8) Importer(815301076,1909f56bfc062723c751e8b465ee728b)  -> (artifact id: 'f43cfdbeaf981157879310099a1c3b96') in 0.158438 seconds
  Import took 0.194591 seconds .

========================================================================
Received Prepare
Registering precompiled user dll's ...
Registered in 0.008772 seconds.
Begin MonoManager ReloadAssembly
Native extension for WindowsStandalone target not found
Refreshing native plugins compatible for Editor in 1.74 ms, found 1 plugins.
Preloading 0 native plugins for Editor in 0.00 ms.
Invoked RoslynAnalysisRunner static constructor.
RoslynAnalysisRunner will not be running.
RoslynAnalysisRunner has terminated.
Mono: successfully reloaded assembly
- Completed reload, in  7.081 seconds
Platform modules already initialized, skipping
Refreshing native plugins compatible for Editor in 2.41 ms, found 1 plugins.
Preloading 0 native plugins for Editor in 0.00 ms.
Unloading 1806 Unused Serialized files (Serialized files now loaded: 0)
System memory in use before: 88.3 MB.
System memory in use after: 88.3 MB.

Unloading 12 unused Assets to reduce memory usage. Loaded Objects now: 2370.
Total: 19.016100 ms (FindLiveObjects: 1.339700 ms CreateObjectMapping: 0.518000 ms MarkObjects: 16.687500 ms  DeleteObjects: 0.464000 ms)

========================================================================
Received Prepare
Registering precompiled user dll's ...
Registered in 0.031740 seconds.
Begin MonoManager ReloadAssembly
Native extension for WindowsStandalone target not found
Refreshing native plugins compatible for Editor in 2.09 ms, found 1 plugins.
Preloading 0 native plugins for Editor in 0.00 ms.
Invoked RoslynAnalysisRunner static constructor.
RoslynAnalysisRunner will not be running.
RoslynAnalysisRunner has terminated.
Mono: successfully reloaded assembly
- Completed reload, in  8.476 seconds
Platform modules already initialized, skipping
Refreshing native plugins compatible for Editor in 1.29 ms, found 1 plugins.
Preloading 0 native plugins for Editor in 0.00 ms.
Unloading 1806 Unused Serialized files (Serialized files now loaded: 0)
System memory in use before: 88.3 MB.
System memory in use after: 88.3 MB.

Unloading 12 unused Assets to reduce memory usage. Loaded Objects now: 2374.
Total: 11.882500 ms (FindLiveObjects: 0.606300 ms CreateObjectMapping: 0.326300 ms MarkObjects: 10.464000 ms  DeleteObjects: 0.478500 ms)

========================================================================
Received Prepare
Registering precompiled user dll's ...
Registered in 0.012665 seconds.
Begin MonoManager ReloadAssembly
Native extension for WindowsStandalone target not found
Refreshing native plugins compatible for Editor in 103.14 ms, found 1 plugins.
Preloading 0 native plugins for Editor in 0.00 ms.
Invoked RoslynAnalysisRunner static constructor.
RoslynAnalysisRunner will not be running.
RoslynAnalysisRunner has terminated.
Mono: successfully reloaded assembly
- Completed reload, in 98.850 seconds
Platform modules already initialized, skipping
Refreshing native plugins compatible for Editor in 1.37 ms, found 1 plugins.
Preloading 0 native plugins for Editor in 0.00 ms.
Unloading 1806 Unused Serialized files (Serialized files now loaded: 0)
System memory in use before: 88.3 MB.
System memory in use after: 88.3 MB.

Unloading 12 unused Assets to reduce memory usage. Loaded Objects now: 2378.
Total: 9.907400 ms (FindLiveObjects: 0.694700 ms CreateObjectMapping: 0.342400 ms MarkObjects: 8.401500 ms  DeleteObjects: 0.461500 ms)

========================================================================
Received Prepare
Registering precompiled user dll's ...
Registered in 0.020260 seconds.
Begin MonoManager ReloadAssembly
Native extension for WindowsStandalone target not found
Refreshing native plugins compatible for Editor in 1.68 ms, found 1 plugins.
Preloading 0 native plugins for Editor in 0.00 ms.
Invoked RoslynAnalysisRunner static constructor.
RoslynAnalysisRunner will not be running.
RoslynAnalysisRunner has terminated.
Mono: successfully reloaded assembly
- Completed reload, in  6.002 seconds
Platform modules already initialized, skipping
Refreshing native plugins compatible for Editor in 1.23 ms, found 1 plugins.
Preloading 0 native plugins for Editor in 0.00 ms.
Unloading 1806 Unused Serialized files (Serialized files now loaded: 0)
System memory in use before: 88.3 MB.
System memory in use after: 88.3 MB.

Unloading 12 unused Assets to reduce memory usage. Loaded Objects now: 2382.
Total: 10.200300 ms (FindLiveObjects: 0.572600 ms CreateObjectMapping: 0.335100 ms MarkObjects: 8.828200 ms  DeleteObjects: 0.456700 ms)

========================================================================
Received Prepare
Registering precompiled user dll's ...
Registered in 0.008095 seconds.
Begin MonoManager ReloadAssembly
Native extension for WindowsStandalone target not found
Refreshing native plugins compatible for Editor in 1.24 ms, found 1 plugins.
Preloading 0 native plugins for Editor in 0.00 ms.
Invoked RoslynAnalysisRunner static constructor.
RoslynAnalysisRunner will not be running.
RoslynAnalysisRunner has terminated.
Mono: successfully reloaded assembly
- Completed reload, in  7.189 seconds
Platform modules already initialized, skipping
Refreshing native plugins compatible for Editor in 1.23 ms, found 1 plugins.
Preloading 0 native plugins for Editor in 0.00 ms.
Unloading 1806 Unused Serialized files (Serialized files now loaded: 0)
System memory in use before: 88.3 MB.
System memory in use after: 88.3 MB.

Unloading 12 unused Assets to reduce memory usage. Loaded Objects now: 2386.
Total: 9.751600 ms (FindLiveObjects: 0.682700 ms CreateObjectMapping: 0.576200 ms MarkObjects: 7.908500 ms  DeleteObjects: 0.577000 ms)

========================================================================
Received Import Request.
  Time since last request: 1497.945711 seconds.
  path: Assets/Prefab/Ballon Green.prefab
  artifactKey: Guid(c03973e1bcbfd58449077a55c2ba3aff) Importer(815301076,1909f56bfc062723c751e8b465ee728b)
Start importing Assets/Prefab/Ballon Green.prefab using Guid(c03973e1bcbfd58449077a55c2ba3aff) Importer(815301076,1909f56bfc062723c751e8b465ee728b)  -> (artifact id: 'c0d6544eb04682c61222e49f84d16abc') in 0.430648 seconds
  Import took 0.487427 seconds .

========================================================================
Received Import Request.
  Time since last request: 7.564739 seconds.
  path: Assets/Prefab/Ballon Green.prefab
  artifactKey: Guid(c03973e1bcbfd58449077a55c2ba3aff) Importer(815301076,1909f56bfc062723c751e8b465ee728b)
Start importing Assets/Prefab/Ballon Green.prefab using Guid(c03973e1bcbfd58449077a55c2ba3aff) Importer(815301076,1909f56bfc062723c751e8b465ee728b)  -> (artifact id: '7b87ad03b4a41213532d2182d9d57d0b') in 0.326628 seconds
  Import took 0.386404 seconds .

========================================================================
Received Import Request.
  Time since last request: 6.935542 seconds.
  path: Assets/Prefab/Ballon Green.prefab
  artifactKey: Guid(c03973e1bcbfd58449077a55c2ba3aff) Importer(815301076,1909f56bfc062723c751e8b465ee728b)
Start importing Assets/Prefab/Ballon Green.prefab using Guid(c03973e1bcbfd58449077a55c2ba3aff) Importer(815301076,1909f56bfc062723c751e8b465ee728b)  -> (artifact id: '185ee83cfd1c4085e8b2b7fe604cd57e') in 0.257168 seconds
  Import took 0.362490 seconds .

========================================================================
Received Prepare
Registering precompiled user dll's ...
Registered in 0.015689 seconds.
Begin MonoManager ReloadAssembly
Native extension for WindowsStandalone target not found
Refreshing native plugins compatible for Editor in 2.98 ms, found 1 plugins.
Preloading 0 native plugins for Editor in 0.00 ms.
Invoked RoslynAnalysisRunner static constructor.
RoslynAnalysisRunner will not be running.
RoslynAnalysisRunner has terminated.
Mono: successfully reloaded assembly
- Completed reload, in 30.241 seconds
Platform modules already initialized, skipping
Refreshing native plugins compatible for Editor in 3.07 ms, found 1 plugins.
Preloading 0 native plugins for Editor in 0.00 ms.
Unloading 1806 Unused Serialized files (Serialized files now loaded: 0)
System memory in use before: 88.4 MB.
System memory in use after: 88.3 MB.

Unloading 12 unused Assets to reduce memory usage. Loaded Objects now: 2391.
Total: 14.337500 ms (FindLiveObjects: 1.416300 ms CreateObjectMapping: 0.410000 ms MarkObjects: 11.778900 ms  DeleteObjects: 0.723900 ms)

========================================================================
Received Import Request.
  Time since last request: 156.195405 seconds.
  path: Assets/Prefab/Ballon Red.prefab
  artifactKey: Guid(23c9873cd8984db4da4501084c0219a7) Importer(815301076,1909f56bfc062723c751e8b465ee728b)
Start importing Assets/Prefab/Ballon Red.prefab using Guid(23c9873cd8984db4da4501084c0219a7) Importer(815301076,1909f56bfc062723c751e8b465ee728b)  -> (artifact id: '1d55828aef438461d5acd0c18103a554') in 0.727499 seconds
  Import took 0.784255 seconds .

========================================================================
Received Import Request.
  Time since last request: 23.373778 seconds.
  path: Assets/Prefab/Ballon Red.prefab
  artifactKey: Guid(23c9873cd8984db4da4501084c0219a7) Importer(815301076,1909f56bfc062723c751e8b465ee728b)
Start importing Assets/Prefab/Ballon Red.prefab using Guid(23c9873cd8984db4da4501084c0219a7) Importer(815301076,1909f56bfc062723c751e8b465ee728b)  -> (artifact id: '33a473e1ec2e6232910b85da1182f808') in 0.116662 seconds
  Import took 0.176879 seconds .

========================================================================
Received Import Request.
  Time since last request: 3.853590 seconds.
  path: Assets/Prefab/Ballon Red.prefab
  artifactKey: Guid(23c9873cd8984db4da4501084c0219a7) Importer(815301076,1909f56bfc062723c751e8b465ee728b)
Start importing Assets/Prefab/Ballon Red.prefab using Guid(23c9873cd8984db4da4501084c0219a7) Importer(815301076,1909f56bfc062723c751e8b465ee728b)  -> (artifact id: '83da14c671930f395937e24853e5540c') in 0.255358 seconds
  Import took 0.302552 seconds .

========================================================================
Received Import Request.
  Time since last request: 4.656012 seconds.
  path: Assets/Prefab/Ballon Red.prefab
  artifactKey: Guid(23c9873cd8984db4da4501084c0219a7) Importer(815301076,1909f56bfc062723c751e8b465ee728b)
Start importing Assets/Prefab/Ballon Red.prefab using Guid(23c9873cd8984db4da4501084c0219a7) Importer(815301076,1909f56bfc062723c751e8b465ee728b)  -> (artifact id: 'ce0875c614e37aed11ae92484b0adc82') in 0.142990 seconds
  Import took 0.293596 seconds .

========================================================================
Received Import Request.
  Time since last request: 17.984867 seconds.
  path: Assets/Prefab/Ballon Yell.prefab
  artifactKey: Guid(f145ad05570998049a6e7e0fe473b5a8) Importer(815301076,1909f56bfc062723c751e8b465ee728b)
Start importing Assets/Prefab/Ballon Yell.prefab using Guid(f145ad05570998049a6e7e0fe473b5a8) Importer(815301076,1909f56bfc062723c751e8b465ee728b)  -> (artifact id: 'fb949931fbac0f560c75c1035b77b385') in 0.152463 seconds
  Import took 0.180942 seconds .

========================================================================
Received Import Request.
  Time since last request: 100.228758 seconds.
  path: Assets/Prefab/Ballon Yell.prefab
  artifactKey: Guid(f145ad05570998049a6e7e0fe473b5a8) Importer(815301076,1909f56bfc062723c751e8b465ee728b)
Start importing Assets/Prefab/Ballon Yell.prefab using Guid(f145ad05570998049a6e7e0fe473b5a8) Importer(815301076,1909f56bfc062723c751e8b465ee728b)  -> (artifact id: 'aedd85afd44a246691c3061293fbcd8a') in 0.232918 seconds
  Import took 0.267205 seconds .

========================================================================
Received Import Request.
  Time since last request: 6.496698 seconds.
  path: Assets/Prefab/Ballon Yell.prefab
  artifactKey: Guid(f145ad05570998049a6e7e0fe473b5a8) Importer(815301076,1909f56bfc062723c751e8b465ee728b)
Start importing Assets/Prefab/Ballon Yell.prefab using Guid(f145ad05570998049a6e7e0fe473b5a8) Importer(815301076,1909f56bfc062723c751e8b465ee728b)  -> (artifact id: '096305070195fb41ee43f2f008208604') in 0.298007 seconds
  Import took 0.364221 seconds .

========================================================================
Received Import Request.
  Time since last request: 6.481913 seconds.
  path: Assets/Prefab/Ballon Yell.prefab
  artifactKey: Guid(f145ad05570998049a6e7e0fe473b5a8) Importer(815301076,1909f56bfc062723c751e8b465ee728b)
Start importing Assets/Prefab/Ballon Yell.prefab using Guid(f145ad05570998049a6e7e0fe473b5a8) Importer(815301076,1909f56bfc062723c751e8b465ee728b)  -> (artifact id: 'fe5423bb55d02a27a4aaaf982a0c8ac4') in 0.153880 seconds
  Import took 0.187534 seconds .

========================================================================
Received Prepare
Registering precompiled user dll's ...
Registered in 0.009492 seconds.
Begin MonoManager ReloadAssembly
Native extension for WindowsStandalone target not found
Refreshing native plugins compatible for Editor in 1.28 ms, found 1 plugins.
Preloading 0 native plugins for Editor in 0.00 ms.
Invoked RoslynAnalysisRunner static constructor.
RoslynAnalysisRunner will not be running.
RoslynAnalysisRunner has terminated.
Mono: successfully reloaded assembly
- Completed reload, in  8.238 seconds
Platform modules already initialized, skipping
Refreshing native plugins compatible for Editor in 1.23 ms, found 1 plugins.
Preloading 0 native plugins for Editor in 0.00 ms.
Unloading 1806 Unused Serialized files (Serialized files now loaded: 0)
System memory in use before: 88.4 MB.
System memory in use after: 88.3 MB.

Unloading 12 unused Assets to reduce memory usage. Loaded Objects now: 2396.
Total: 55.569400 ms (FindLiveObjects: 0.654000 ms CreateObjectMapping: 0.666300 ms MarkObjects: 53.545100 ms  DeleteObjects: 0.696300 ms)

AssetImportWorkerClient::OnTransportError - code=2 error=End of file
